19:22:40  [main] 	Initializing Control Panel
19:22:40  [main] 	Windows Version:  Pro  64-bit
19:22:40  [main] 	XAMPP Version: 5.6.30
19:22:40  [main] 	Control Panel Version: 3.2.2  [ Compiled: Nov 12th 2015 ]
19:22:40  [main] 	You are not running with administrator rights! This will work for
19:22:40  [main] 	most application stuff but whenever you do something with services
19:22:40  [main] 	there will be a security dialogue or things will break! So think 
19:22:40  [main] 	about running this application with administrator rights!
19:22:40  [main] 	XAMPP Installation Directory: "c:\abcb002\"
19:22:40  [main] 	Checking for prerequisites
19:22:41  [main] 	All prerequisites found
19:22:41  [main] 	Initializing Modules
19:22:41  [Apache] 	Problem detected!
19:22:41  [Apache] 	Port 80 in use by "Unable to open process" with PID 4!
19:22:41  [Apache] 	Apache WILL NOT start without the configured ports free!
19:22:41  [Apache] 	You need to uninstall/disable/reconfigure the blocking application
19:22:41  [Apache] 	or reconfigure Apache and the Control Panel to listen on a different port
19:22:41  [main] 	The Mercury module is disabled
19:22:41  [main] 	The Tomcat module is disabled
19:22:41  [main] 	Starting Check-Timer
19:22:41  [main] 	Control Panel Ready
19:23:18  [Apache] 	Problem detected!
19:23:18  [Apache] 	Port 80 in use by "Unable to open process" with PID 4!
19:23:18  [Apache] 	Apache WILL NOT start without the configured ports free!
19:23:18  [Apache] 	You need to uninstall/disable/reconfigure the blocking application
19:23:18  [Apache] 	or reconfigure Apache and the Control Panel to listen on a different port
19:23:18  [Apache] 	Attempting to start Apache app...
19:23:19  [Apache] 	Status change detected: running
19:23:19  [Apache] 	Status change detected: stopped
19:23:19  [Apache] 	Error: Apache shutdown unexpectedly.
19:23:19  [Apache] 	This may be due to a blocked port, missing dependencies, 
19:23:19  [Apache] 	improper privileges, a crash, or a shutdown by another method.
19:23:19  [Apache] 	Press the Logs button to view error logs and check
19:23:19  [Apache] 	the Windows Event Viewer for more clues
19:23:19  [Apache] 	If you need more help, copy and post this
19:23:19  [Apache] 	entire log window on the forums
19:24:35  [Apache] 	Problem detected!
19:24:35  [Apache] 	Port 80 in use by "Unable to open process" with PID 4!
19:24:35  [Apache] 	Apache WILL NOT start without the configured ports free!
19:24:35  [Apache] 	You need to uninstall/disable/reconfigure the blocking application
19:24:35  [Apache] 	or reconfigure Apache and the Control Panel to listen on a different port
19:24:35  [Apache] 	Attempting to start Apache app...
19:25:56  [Apache] 	Problem detected!
19:25:56  [Apache] 	Port 80 in use by "Unable to open process" with PID 4!
19:25:56  [Apache] 	Apache WILL NOT start without the configured ports free!
19:25:56  [Apache] 	You need to uninstall/disable/reconfigure the blocking application
19:25:56  [Apache] 	or reconfigure Apache and the Control Panel to listen on a different port
19:25:56  [Apache] 	Attempting to start Apache app...
19:25:56  [Apache] 	Status change detected: running
19:27:15  [mysql] 	Attempting to start MySQL app...
19:27:15  [mysql] 	Status change detected: running
19:27:44  [main] 	Executing "services.msc"
19:29:26  [filezilla] 	Attempting to start FileZilla app...
19:29:26  [filezilla] 	Status change detected: running
19:35:18  [main] 	Deinitializing Modules
19:35:18  [main] 	Deinitializing Control Panel

19:35:23  [main] 	Initializing Control Panel
19:35:23  [main] 	Windows Version:  Pro  64-bit
19:35:23  [main] 	XAMPP Version: 5.6.30
19:35:23  [main] 	Control Panel Version: 3.2.2  [ Compiled: Nov 12th 2015 ]
19:35:23  [main] 	You are not running with administrator rights! This will work for
19:35:23  [main] 	most application stuff but whenever you do something with services
19:35:23  [main] 	there will be a security dialogue or things will break! So think 
19:35:23  [main] 	about running this application with administrator rights!
19:35:23  [main] 	XAMPP Installation Directory: "c:\abcb002\"
19:35:23  [main] 	Checking for prerequisites
19:35:23  [main] 	All prerequisites found
19:35:23  [main] 	Initializing Modules
19:35:23  [Apache] 	Problem detected!
19:35:23  [Apache] 	Port 80 in use by "Unable to open process" with PID 4!
19:35:23  [Apache] 	Apache WILL NOT start without the configured ports free!
19:35:23  [Apache] 	You need to uninstall/disable/reconfigure the blocking application
19:35:23  [Apache] 	or reconfigure Apache and the Control Panel to listen on a different port
19:35:23  [Apache] 	XAMPP Apache is already running on port 443
19:35:23  [filezilla] 	XAMPP FileZilla is already running on port 21
19:35:23  [filezilla] 	XAMPP FileZilla is already running on port 14147
19:35:23  [main] 	The Mercury module is disabled
19:35:23  [main] 	The Tomcat module is disabled
19:35:23  [main] 	Starting Check-Timer
19:35:23  [main] 	Control Panel Ready
19:49:01  [Apache] 	Attempting to stop Apache (PID: 12564)
19:49:01  [Apache] 	Attempting to stop Apache (PID: 17328)
19:49:01  [Apache] 	Status change detected: stopped
19:49:02  [mysql] 	Attempting to stop MySQL app...
19:49:02  [mysql] 	Status change detected: stopped
19:49:02  [filezilla] 	Attempting to stop FileZilla app...
19:49:02  [filezilla] 	Status change detected: stopped
19:49:27  [Apache] 	Problem detected!
19:49:27  [Apache] 	Port 80 in use by "Unable to open process" with PID 4!
19:49:27  [Apache] 	Apache WILL NOT start without the configured ports free!
19:49:27  [Apache] 	You need to uninstall/disable/reconfigure the blocking application
19:49:27  [Apache] 	or reconfigure Apache and the Control Panel to listen on a different port
19:49:27  [Apache] 	Attempting to start Apache app...
19:49:27  [Apache] 	Status change detected: running
19:49:28  [Apache] 	Status change detected: stopped
19:49:28  [Apache] 	Error: Apache shutdown unexpectedly.
19:49:28  [Apache] 	This may be due to a blocked port, missing dependencies, 
19:49:28  [Apache] 	improper privileges, a crash, or a shutdown by another method.
19:49:28  [Apache] 	Press the Logs button to view error logs and check
19:49:28  [Apache] 	the Windows Event Viewer for more clues
19:49:28  [Apache] 	If you need more help, copy and post this
19:49:28  [Apache] 	entire log window on the forums
19:49:54  [Apache] 	Attempting to start Apache app...
19:49:54  [Apache] 	Status change detected: running
19:49:57  [mysql] 	Attempting to start MySQL app...
19:49:57  [mysql] 	Status change detected: running
19:49:59  [filezilla] 	Attempting to start FileZilla app...
19:49:59  [filezilla] 	Status change detected: running
19:51:12  [Apache] 	Attempting to stop Apache (PID: 11956)
19:51:12  [Apache] 	Attempting to stop Apache (PID: 8332)
19:51:13  [mysql] 	Attempting to stop MySQL app...
19:51:13  [Apache] 	Status change detected: stopped
19:51:13  [mysql] 	Status change detected: stopped
19:51:13  [filezilla] 	Attempting to stop FileZilla app...
19:51:13  [filezilla] 	Status change detected: stopped
19:51:23  [main] 	Deinitializing Modules
19:51:23  [main] 	Deinitializing Control Panel

19:54:04  [main] 	Initializing Control Panel
19:54:04  [main] 	Windows Version:  Pro  64-bit
19:54:04  [main] 	XAMPP Version: 5.6.30
19:54:04  [main] 	Control Panel Version: 3.2.2  [ Compiled: Nov 12th 2015 ]
19:54:04  [main] 	You are not running with administrator rights! This will work for
19:54:04  [main] 	most application stuff but whenever you do something with services
19:54:04  [main] 	there will be a security dialogue or things will break! So think 
19:54:04  [main] 	about running this application with administrator rights!
19:54:04  [main] 	XAMPP Installation Directory: "c:\abcb002\"
19:54:04  [main] 	Checking for prerequisites
19:54:05  [main] 	All prerequisites found
19:54:05  [main] 	Initializing Modules
19:54:05  [Apache] 	Problem detected!
19:54:05  [Apache] 	Port 80 in use by "Unable to open process" with PID 4!
19:54:05  [Apache] 	Apache WILL NOT start without the configured ports free!
19:54:05  [Apache] 	You need to uninstall/disable/reconfigure the blocking application
19:54:05  [Apache] 	or reconfigure Apache and the Control Panel to listen on a different port
19:54:05  [main] 	The Mercury module is disabled
19:54:05  [main] 	The Tomcat module is disabled
19:54:05  [main] 	Starting Check-Timer
19:54:05  [main] 	Control Panel Ready
19:54:07  [Apache] 	Problem detected!
19:54:07  [Apache] 	Port 80 in use by "Unable to open process" with PID 4!
19:54:07  [Apache] 	Apache WILL NOT start without the configured ports free!
19:54:07  [Apache] 	You need to uninstall/disable/reconfigure the blocking application
19:54:07  [Apache] 	or reconfigure Apache and the Control Panel to listen on a different port
19:54:07  [Apache] 	Attempting to start Apache app...
19:54:07  [Apache] 	Status change detected: running
19:54:08  [Apache] 	Status change detected: stopped
19:54:08  [Apache] 	Error: Apache shutdown unexpectedly.
19:54:08  [Apache] 	This may be due to a blocked port, missing dependencies, 
19:54:08  [Apache] 	improper privileges, a crash, or a shutdown by another method.
19:54:08  [Apache] 	Press the Logs button to view error logs and check
19:54:08  [Apache] 	the Windows Event Viewer for more clues
19:54:08  [Apache] 	If you need more help, copy and post this
19:54:08  [Apache] 	entire log window on the forums
19:54:20  [mysql] 	Attempting to start MySQL app...
19:54:20  [mysql] 	Status change detected: running
19:54:21  [Apache] 	Problem detected!
19:54:21  [Apache] 	Port 80 in use by "Unable to open process" with PID 4!
19:54:21  [Apache] 	Apache WILL NOT start without the configured ports free!
19:54:21  [Apache] 	You need to uninstall/disable/reconfigure the blocking application
19:54:21  [Apache] 	or reconfigure Apache and the Control Panel to listen on a different port
19:54:21  [Apache] 	Attempting to start Apache app...
19:54:21  [Apache] 	Status change detected: running
19:54:21  [Apache] 	Status change detected: stopped
19:54:21  [Apache] 	Error: Apache shutdown unexpectedly.
19:54:21  [Apache] 	This may be due to a blocked port, missing dependencies, 
19:54:21  [Apache] 	improper privileges, a crash, or a shutdown by another method.
19:54:21  [Apache] 	Press the Logs button to view error logs and check
19:54:21  [Apache] 	the Windows Event Viewer for more clues
19:54:21  [Apache] 	If you need more help, copy and post this
19:54:21  [Apache] 	entire log window on the forums
19:54:51  [Apache] 	Attempting to start Apache app...
19:54:51  [Apache] 	Status change detected: running
19:56:25  [mysql] 	Attempting to stop MySQL app...
19:56:25  [mysql] 	Status change detected: stopped
19:56:26  [Apache] 	Attempting to stop Apache (PID: 9040)
19:56:26  [Apache] 	Attempting to stop Apache (PID: 8972)
19:56:26  [Apache] 	Status change detected: stopped
19:56:27  [Apache] 	Attempting to start Apache app...
19:56:27  [Apache] 	Status change detected: running
19:56:27  [mysql] 	Attempting to start MySQL app...
19:56:27  [mysql] 	Status change detected: running
20:10:10  [mysql] 	Attempting to stop MySQL app...
20:10:10  [mysql] 	Status change detected: stopped
20:10:11  [Apache] 	Attempting to stop Apache (PID: 13112)
20:10:11  [Apache] 	Attempting to stop Apache (PID: 10724)
20:10:11  [Apache] 	Status change detected: stopped
20:10:11  [Apache] 	Attempting to start Apache app...
20:10:11  [Apache] 	Status change detected: running
20:10:12  [mysql] 	Attempting to start MySQL app...
20:10:12  [mysql] 	Status change detected: running
21:54:24  [mysql] 	Attempting to stop MySQL app...
21:54:24  [mysql] 	Status change detected: stopped
21:54:25  [Apache] 	Attempting to stop Apache (PID: 12608)
21:54:25  [Apache] 	Attempting to stop Apache (PID: 1568)
21:54:25  [Apache] 	Status change detected: stopped
21:54:29  [main] 	Deinitializing Modules
21:54:29  [main] 	Deinitializing Control Panel

22:42:52  [main] 	Initializing Control Panel
22:42:52  [main] 	Windows Version:  Pro  64-bit
22:42:52  [main] 	XAMPP Version: 5.6.30
22:42:52  [main] 	Control Panel Version: 3.2.2  [ Compiled: Nov 12th 2015 ]
22:42:52  [main] 	You are not running with administrator rights! This will work for
22:42:52  [main] 	most application stuff but whenever you do something with services
22:42:52  [main] 	there will be a security dialogue or things will break! So think 
22:42:52  [main] 	about running this application with administrator rights!
22:42:52  [main] 	XAMPP Installation Directory: "c:\abcb002\"
22:42:52  [main] 	Checking for prerequisites
22:42:52  [main] 	All prerequisites found
22:42:52  [main] 	Initializing Modules
22:42:52  [main] 	The Mercury module is disabled
22:42:52  [main] 	The Tomcat module is disabled
22:42:52  [main] 	Starting Check-Timer
22:42:52  [main] 	Control Panel Ready
22:42:53  [Apache] 	Attempting to start Apache app...
22:42:53  [Apache] 	Status change detected: running
22:42:54  [mysql] 	Attempting to start MySQL app...
22:42:54  [mysql] 	Status change detected: running
22:42:58  [mysql] 	Attempting to stop MySQL app...
22:42:58  [mysql] 	Status change detected: stopped
22:42:58  [Apache] 	Attempting to stop Apache (PID: 14692)
22:42:58  [Apache] 	Attempting to stop Apache (PID: 10600)
22:42:59  [Apache] 	Status change detected: stopped
22:43:00  [main] 	Deinitializing Modules
22:43:00  [main] 	Deinitializing Control Panel

23:02:36  [main] 	Initializing Control Panel
23:02:36  [main] 	Windows Version:  Pro  64-bit
23:02:36  [main] 	XAMPP Version: 5.6.30
23:02:36  [main] 	Control Panel Version: 3.2.2  [ Compiled: Nov 12th 2015 ]
23:02:36  [main] 	You are not running with administrator rights! This will work for
23:02:36  [main] 	most application stuff but whenever you do something with services
23:02:36  [main] 	there will be a security dialogue or things will break! So think 
23:02:36  [main] 	about running this application with administrator rights!
23:02:36  [main] 	XAMPP Installation Directory: "c:\abcb002\"
23:02:36  [main] 	Checking for prerequisites
23:02:36  [main] 	All prerequisites found
23:02:36  [main] 	Initializing Modules
23:02:36  [main] 	The Mercury module is disabled
23:02:36  [main] 	The Tomcat module is disabled
23:02:36  [main] 	Starting Check-Timer
23:02:36  [main] 	Control Panel Ready
23:02:41  [main] 	Deinitializing Modules
23:02:41  [main] 	Deinitializing Control Panel

23:00:46  [main] 	Initializing Control Panel
23:00:46  [main] 	Windows Version:  Pro  64-bit
23:00:46  [main] 	XAMPP Version: 5.6.30
23:00:46  [main] 	Control Panel Version: 3.2.2  [ Compiled: Nov 12th 2015 ]
23:00:46  [main] 	You are not running with administrator rights! This will work for
23:00:46  [main] 	most application stuff but whenever you do something with services
23:00:46  [main] 	there will be a security dialogue or things will break! So think 
23:00:46  [main] 	about running this application with administrator rights!
23:00:46  [main] 	XAMPP Installation Directory: "c:\abcb002\"
23:00:46  [main] 	Checking for prerequisites
23:00:46  [main] 	All prerequisites found
23:00:46  [main] 	Initializing Modules
23:00:46  [main] 	The Mercury module is disabled
23:00:46  [main] 	The Tomcat module is disabled
23:00:46  [main] 	Starting Check-Timer
23:00:46  [main] 	Control Panel Ready
23:00:47  [Apache] 	Attempting to start Apache app...
23:00:47  [Apache] 	Status change detected: running
23:00:49  [mysql] 	Attempting to start MySQL app...
23:00:49  [mysql] 	Status change detected: running
23:02:32  [mysql] 	Attempting to stop MySQL app...
23:02:32  [mysql] 	Status change detected: stopped
23:02:33  [Apache] 	Attempting to stop Apache (PID: 860)
23:02:33  [Apache] 	Attempting to stop Apache (PID: 12192)
23:02:33  [Apache] 	Status change detected: stopped
23:02:42  [main] 	Deinitializing Modules
23:02:42  [main] 	Deinitializing Control Panel

02:38:24  [main] 	Initializing Control Panel
02:38:24  [main] 	Windows Version:  Pro  64-bit
02:38:24  [main] 	XAMPP Version: 5.6.30
02:38:24  [main] 	Control Panel Version: 3.2.2  [ Compiled: Nov 12th 2015 ]
02:38:24  [main] 	You are not running with administrator rights! This will work for
02:38:24  [main] 	most application stuff but whenever you do something with services
02:38:24  [main] 	there will be a security dialogue or things will break! So think 
02:38:24  [main] 	about running this application with administrator rights!
02:38:24  [main] 	XAMPP Installation Directory: "c:\abcb002\"
02:38:24  [main] 	Checking for prerequisites
02:38:24  [main] 	All prerequisites found
02:38:24  [main] 	Initializing Modules
02:38:24  [main] 	The Mercury module is disabled
02:38:24  [main] 	The Tomcat module is disabled
02:38:24  [main] 	Starting Check-Timer
02:38:24  [main] 	Control Panel Ready
02:38:25  [Apache] 	Attempting to start Apache app...
02:38:25  [Apache] 	Status change detected: running
02:38:28  [mysql] 	Attempting to start MySQL app...
02:38:28  [mysql] 	Status change detected: running
02:40:07  [Apache] 	Status change detected: stopped
02:40:07  [Apache] 	Error: Apache shutdown unexpectedly.
02:40:07  [Apache] 	This may be due to a blocked port, missing dependencies, 
02:40:07  [Apache] 	improper privileges, a crash, or a shutdown by another method.
02:40:07  [Apache] 	Press the Logs button to view error logs and check
02:40:07  [Apache] 	the Windows Event Viewer for more clues
02:40:07  [Apache] 	If you need more help, copy and post this
02:40:07  [Apache] 	entire log window on the forums
02:40:07  [mysql] 	Status change detected: stopped
02:40:07  [mysql] 	Error: MySQL shutdown unexpectedly.
02:40:07  [mysql] 	This may be due to a blocked port, missing dependencies, 
02:40:07  [mysql] 	improper privileges, a crash, or a shutdown by another method.
02:40:07  [mysql] 	Press the Logs button to view error logs and check
02:40:07  [mysql] 	the Windows Event Viewer for more clues
02:40:07  [mysql] 	If you need more help, copy and post this
02:40:07  [mysql] 	entire log window on the forums
02:40:07  [main] 	Deinitializing Modules
02:40:07  [main] 	Deinitializing Control Panel

20:29:59  [main] 	Initializing Control Panel
20:29:59  [main] 	Windows Version:  Pro  64-bit
20:29:59  [main] 	XAMPP Version: 5.6.30
20:29:59  [main] 	Control Panel Version: 3.2.2  [ Compiled: Nov 12th 2015 ]
20:29:59  [main] 	You are not running with administrator rights! This will work for
20:29:59  [main] 	most application stuff but whenever you do something with services
20:29:59  [main] 	there will be a security dialogue or things will break! So think 
20:29:59  [main] 	about running this application with administrator rights!
20:29:59  [main] 	XAMPP Installation Directory: "c:\abcb002\"
20:29:59  [main] 	Checking for prerequisites
20:30:00  [main] 	All prerequisites found
20:30:00  [main] 	Initializing Modules
20:30:00  [main] 	The Mercury module is disabled
20:30:00  [main] 	The Tomcat module is disabled
20:30:00  [main] 	Starting Check-Timer
20:30:00  [main] 	Control Panel Ready
20:30:01  [Apache] 	Attempting to start Apache app...
20:30:01  [Apache] 	Status change detected: running
20:30:02  [mysql] 	Attempting to start MySQL app...
20:30:02  [mysql] 	Status change detected: running
21:40:07  [main] 	Deinitializing Modules
21:40:07  [main] 	Deinitializing Control Panel

21:40:04  [main] 	Initializing Control Panel
21:40:05  [main] 	Windows Version:  Pro  64-bit
21:40:05  [main] 	XAMPP Version: 5.6.30
21:40:05  [main] 	Control Panel Version: 3.2.2  [ Compiled: Nov 12th 2015 ]
21:40:05  [main] 	You are not running with administrator rights! This will work for
21:40:05  [main] 	most application stuff but whenever you do something with services
21:40:05  [main] 	there will be a security dialogue or things will break! So think 
21:40:05  [main] 	about running this application with administrator rights!
21:40:05  [main] 	XAMPP Installation Directory: "c:\abcb002\"
21:40:05  [main] 	Checking for prerequisites
21:40:05  [main] 	All prerequisites found
21:40:05  [main] 	Initializing Modules
21:40:05  [Apache] 	Problem detected!
21:40:05  [Apache] 	Port 80 in use by ""c:\wamp64\bin\apache\apache2.4.23\bin\httpd.exe" -k runservice" with PID 11216!
21:40:05  [Apache] 	Apache WILL NOT start without the configured ports free!
21:40:05  [Apache] 	You need to uninstall/disable/reconfigure the blocking application
21:40:05  [Apache] 	or reconfigure Apache and the Control Panel to listen on a different port
21:40:05  [main] 	The Mercury module is disabled
21:40:05  [main] 	The Tomcat module is disabled
21:40:05  [main] 	Starting Check-Timer
21:40:05  [main] 	Control Panel Ready
21:40:06  [Apache] 	Attempting to start Apache app...
21:40:06  [Apache] 	Status change detected: running
21:40:08  [mysql] 	Attempting to start MySQL app...
21:40:08  [mysql] 	Status change detected: running
21:44:19  [mysql] 	Attempting to stop MySQL app...
21:44:19  [mysql] 	Status change detected: stopped
21:44:19  [Apache] 	Attempting to stop Apache (PID: 4492)
21:44:19  [Apache] 	Attempting to stop Apache (PID: 9284)
21:44:20  [Apache] 	Status change detected: stopped
23:19:31  [main] 	Deinitializing Modules
23:19:31  [main] 	Deinitializing Control Panel

21:39:11  [main] 	Initializing Control Panel
21:39:11  [main] 	Windows Version:  Pro  64-bit
21:39:11  [main] 	XAMPP Version: 5.6.30
21:39:11  [main] 	Control Panel Version: 3.2.2  [ Compiled: Nov 12th 2015 ]
21:39:11  [main] 	You are not running with administrator rights! This will work for
21:39:11  [main] 	most application stuff but whenever you do something with services
21:39:11  [main] 	there will be a security dialogue or things will break! So think 
21:39:11  [main] 	about running this application with administrator rights!
21:39:11  [main] 	XAMPP Installation Directory: "c:\abcb002\"
21:39:11  [main] 	Checking for prerequisites
21:39:11  [main] 	All prerequisites found
21:39:11  [main] 	Initializing Modules
21:39:11  [main] 	The Mercury module is disabled
21:39:11  [main] 	The Tomcat module is disabled
21:39:11  [main] 	Starting Check-Timer
21:39:11  [main] 	Control Panel Ready
21:39:27  [main] 	Deinitializing Modules
21:39:27  [main] 	Deinitializing Control Panel

19:39:44  [main] 	Initializing Control Panel
19:39:44  [main] 	Windows Version:  Pro  64-bit
19:39:44  [main] 	XAMPP Version: 5.6.30
19:39:44  [main] 	Control Panel Version: 3.2.2  [ Compiled: Nov 12th 2015 ]
19:39:44  [main] 	You are not running with administrator rights! This will work for
19:39:44  [main] 	most application stuff but whenever you do something with services
19:39:44  [main] 	there will be a security dialogue or things will break! So think 
19:39:44  [main] 	about running this application with administrator rights!
19:39:44  [main] 	XAMPP Installation Directory: "c:\abcb002\"
19:39:44  [main] 	Checking for prerequisites
19:39:44  [main] 	All prerequisites found
19:39:44  [main] 	Initializing Modules
19:39:44  [Apache] 	Problem detected!
19:39:44  [Apache] 	Port 80 in use by ""c:\wamp64\bin\apache\apache2.4.23\bin\httpd.exe" -k runservice" with PID 9612!
19:39:44  [Apache] 	Apache WILL NOT start without the configured ports free!
19:39:44  [Apache] 	You need to uninstall/disable/reconfigure the blocking application
19:39:44  [Apache] 	or reconfigure Apache and the Control Panel to listen on a different port
19:39:44  [mysql] 	Problem detected!
19:39:44  [mysql] 	Port 3306 in use by "c:\wamp64\bin\mysql\mysql5.7.14\bin\mysqld.exe wampmysqld64"!
19:39:44  [mysql] 	MySQL WILL NOT start without the configured ports free!
19:39:44  [mysql] 	You need to uninstall/disable/reconfigure the blocking application
19:39:44  [mysql] 	or reconfigure MySQL and the Control Panel to listen on a different port
19:39:44  [main] 	The Mercury module is disabled
19:39:44  [main] 	The Tomcat module is disabled
19:39:44  [main] 	Starting Check-Timer
19:39:44  [main] 	Control Panel Ready
19:39:46  [Apache] 	Problem detected!
19:39:46  [Apache] 	Port 80 in use by ""c:\wamp64\bin\apache\apache2.4.23\bin\httpd.exe" -k runservice" with PID 9612!
19:39:46  [Apache] 	Apache WILL NOT start without the configured ports free!
19:39:46  [Apache] 	You need to uninstall/disable/reconfigure the blocking application
19:39:46  [Apache] 	or reconfigure Apache and the Control Panel to listen on a different port
19:39:46  [Apache] 	Attempting to start Apache app...
19:39:46  [Apache] 	Status change detected: running
19:39:46  [mysql] 	Problem detected!
19:39:46  [mysql] 	Port 3306 in use by "c:\wamp64\bin\mysql\mysql5.7.14\bin\mysqld.exe wampmysqld64"!
19:39:46  [mysql] 	MySQL WILL NOT start without the configured ports free!
19:39:46  [mysql] 	You need to uninstall/disable/reconfigure the blocking application
19:39:46  [mysql] 	or reconfigure MySQL and the Control Panel to listen on a different port
19:39:46  [mysql] 	Attempting to start MySQL app...
19:39:47  [Apache] 	Status change detected: stopped
19:39:47  [Apache] 	Error: Apache shutdown unexpectedly.
19:39:47  [Apache] 	This may be due to a blocked port, missing dependencies, 
19:39:47  [Apache] 	improper privileges, a crash, or a shutdown by another method.
19:39:47  [Apache] 	Press the Logs button to view error logs and check
19:39:47  [Apache] 	the Windows Event Viewer for more clues
19:39:47  [Apache] 	If you need more help, copy and post this
19:39:47  [Apache] 	entire log window on the forums
19:39:47  [mysql] 	Status change detected: running
19:39:50  [Apache] 	Problem detected!
19:39:50  [Apache] 	Port 80 in use by ""c:\wamp64\bin\apache\apache2.4.23\bin\httpd.exe" -k runservice" with PID 9612!
19:39:50  [Apache] 	Apache WILL NOT start without the configured ports free!
19:39:50  [Apache] 	You need to uninstall/disable/reconfigure the blocking application
19:39:50  [Apache] 	or reconfigure Apache and the Control Panel to listen on a different port
19:39:50  [Apache] 	Attempting to start Apache app...
19:39:51  [mysql] 	Status change detected: stopped
19:39:51  [mysql] 	Error: MySQL shutdown unexpectedly.
19:39:51  [mysql] 	This may be due to a blocked port, missing dependencies, 
19:39:51  [mysql] 	improper privileges, a crash, or a shutdown by another method.
19:39:51  [mysql] 	Press the Logs button to view error logs and check
19:39:51  [mysql] 	the Windows Event Viewer for more clues
19:39:51  [mysql] 	If you need more help, copy and post this
19:39:51  [mysql] 	entire log window on the forums
19:39:55  [Apache] 	Problem detected!
19:39:55  [Apache] 	Port 80 in use by ""c:\wamp64\bin\apache\apache2.4.23\bin\httpd.exe" -k runservice" with PID 9612!
19:39:55  [Apache] 	Apache WILL NOT start without the configured ports free!
19:39:55  [Apache] 	You need to uninstall/disable/reconfigure the blocking application
19:39:55  [Apache] 	or reconfigure Apache and the Control Panel to listen on a different port
19:39:55  [Apache] 	Attempting to start Apache app...
19:39:57  [main] 	Deinitializing Modules
19:39:57  [main] 	Deinitializing Control Panel

19:39:58  [main] 	Initializing Control Panel
19:39:58  [main] 	Windows Version:  Pro  64-bit
19:39:58  [main] 	XAMPP Version: 5.6.30
19:39:58  [main] 	Control Panel Version: 3.2.2  [ Compiled: Nov 12th 2015 ]
19:39:58  [main] 	You are not running with administrator rights! This will work for
19:39:58  [main] 	most application stuff but whenever you do something with services
19:39:58  [main] 	there will be a security dialogue or things will break! So think 
19:39:58  [main] 	about running this application with administrator rights!
19:39:58  [main] 	XAMPP Installation Directory: "c:\abcb002\"
19:39:58  [main] 	Checking for prerequisites
19:39:58  [main] 	All prerequisites found
19:39:58  [main] 	Initializing Modules
19:39:58  [Apache] 	Problem detected!
19:39:58  [Apache] 	Port 80 in use by ""c:\wamp64\bin\apache\apache2.4.23\bin\httpd.exe" -k runservice" with PID 9612!
19:39:58  [Apache] 	Apache WILL NOT start without the configured ports free!
19:39:58  [Apache] 	You need to uninstall/disable/reconfigure the blocking application
19:39:58  [Apache] 	or reconfigure Apache and the Control Panel to listen on a different port
19:39:58  [mysql] 	Problem detected!
19:39:58  [mysql] 	Port 3306 in use by "c:\wamp64\bin\mysql\mysql5.7.14\bin\mysqld.exe wampmysqld64"!
19:39:58  [mysql] 	MySQL WILL NOT start without the configured ports free!
19:39:58  [mysql] 	You need to uninstall/disable/reconfigure the blocking application
19:39:58  [mysql] 	or reconfigure MySQL and the Control Panel to listen on a different port
19:39:58  [main] 	The Mercury module is disabled
19:39:58  [main] 	The Tomcat module is disabled
19:39:58  [main] 	Starting Check-Timer
19:39:58  [main] 	Control Panel Ready
19:40:01  [Apache] 	Problem detected!
19:40:01  [Apache] 	Port 80 in use by ""c:\wamp64\bin\apache\apache2.4.23\bin\httpd.exe" -k runservice" with PID 9612!
19:40:01  [Apache] 	Apache WILL NOT start without the configured ports free!
19:40:01  [Apache] 	You need to uninstall/disable/reconfigure the blocking application
19:40:01  [Apache] 	or reconfigure Apache and the Control Panel to listen on a different port
19:40:01  [Apache] 	Attempting to start Apache app...
19:40:20  [main] 	Deinitializing Modules
19:40:20  [main] 	Deinitializing Control Panel

19:44:32  [main] 	Initializing Control Panel
19:44:32  [main] 	Windows Version:  Pro  64-bit
19:44:32  [main] 	XAMPP Version: 5.6.30
19:44:32  [main] 	Control Panel Version: 3.2.2  [ Compiled: Nov 12th 2015 ]
19:44:32  [main] 	You are not running with administrator rights! This will work for
19:44:32  [main] 	most application stuff but whenever you do something with services
19:44:32  [main] 	there will be a security dialogue or things will break! So think 
19:44:32  [main] 	about running this application with administrator rights!
19:44:32  [main] 	XAMPP Installation Directory: "c:\abcb002\"
19:44:32  [main] 	Checking for prerequisites
19:44:32  [main] 	All prerequisites found
19:44:32  [main] 	Initializing Modules
19:44:32  [Apache] 	Problem detected!
19:44:32  [Apache] 	Port 80 in use by ""c:\wamp64\bin\apache\apache2.4.23\bin\httpd.exe" -k runservice" with PID 9612!
19:44:32  [Apache] 	Apache WILL NOT start without the configured ports free!
19:44:32  [Apache] 	You need to uninstall/disable/reconfigure the blocking application
19:44:32  [Apache] 	or reconfigure Apache and the Control Panel to listen on a different port
19:44:32  [mysql] 	Problem detected!
19:44:32  [mysql] 	Port 3306 in use by "c:\wamp64\bin\mysql\mysql5.7.14\bin\mysqld.exe wampmysqld64"!
19:44:32  [mysql] 	MySQL WILL NOT start without the configured ports free!
19:44:32  [mysql] 	You need to uninstall/disable/reconfigure the blocking application
19:44:32  [mysql] 	or reconfigure MySQL and the Control Panel to listen on a different port
19:44:32  [main] 	The Mercury module is disabled
19:44:32  [main] 	The Tomcat module is disabled
19:44:32  [main] 	Starting Check-Timer
19:44:32  [main] 	Control Panel Ready
19:44:45  [Apache] 	Problem detected!
19:44:45  [Apache] 	Port 80 in use by ""c:\wamp64\bin\apache\apache2.4.23\bin\httpd.exe" -k runservice" with PID 9612!
19:44:45  [Apache] 	Apache WILL NOT start without the configured ports free!
19:44:45  [Apache] 	You need to uninstall/disable/reconfigure the blocking application
19:44:45  [Apache] 	or reconfigure Apache and the Control Panel to listen on a different port
19:44:45  [Apache] 	Attempting to start Apache app...
19:44:48  [main] 	Deinitializing Modules
19:44:48  [main] 	Deinitializing Control Panel

19:40:33  [main] 	Initializing Control Panel
19:40:33  [main] 	Windows Version:  Pro  64-bit
19:40:33  [main] 	XAMPP Version: 5.6.30
19:40:33  [main] 	Control Panel Version: 3.2.2  [ Compiled: Nov 12th 2015 ]
19:40:33  [main] 	You are not running with administrator rights! This will work for
19:40:33  [main] 	most application stuff but whenever you do something with services
19:40:33  [main] 	there will be a security dialogue or things will break! So think 
19:40:33  [main] 	about running this application with administrator rights!
19:40:33  [main] 	XAMPP Installation Directory: "c:\abcb002\"
19:40:33  [main] 	Checking for prerequisites
19:40:33  [main] 	All prerequisites found
19:40:33  [main] 	Initializing Modules
19:40:33  [Apache] 	Problem detected!
19:40:33  [Apache] 	Port 80 in use by ""c:\wamp64\bin\apache\apache2.4.23\bin\httpd.exe" -k runservice" with PID 9612!
19:40:33  [Apache] 	Apache WILL NOT start without the configured ports free!
19:40:33  [Apache] 	You need to uninstall/disable/reconfigure the blocking application
19:40:33  [Apache] 	or reconfigure Apache and the Control Panel to listen on a different port
19:40:33  [mysql] 	Problem detected!
19:40:33  [mysql] 	Port 3306 in use by "c:\wamp64\bin\mysql\mysql5.7.14\bin\mysqld.exe wampmysqld64"!
19:40:33  [mysql] 	MySQL WILL NOT start without the configured ports free!
19:40:33  [mysql] 	You need to uninstall/disable/reconfigure the blocking application
19:40:33  [mysql] 	or reconfigure MySQL and the Control Panel to listen on a different port
19:40:33  [main] 	The Mercury module is disabled
19:40:33  [main] 	The Tomcat module is disabled
19:40:33  [main] 	Starting Check-Timer
19:40:33  [main] 	Control Panel Ready
19:40:34  [Apache] 	Problem detected!
19:40:34  [Apache] 	Port 80 in use by ""c:\wamp64\bin\apache\apache2.4.23\bin\httpd.exe" -k runservice" with PID 9612!
19:40:34  [Apache] 	Apache WILL NOT start without the configured ports free!
19:40:34  [Apache] 	You need to uninstall/disable/reconfigure the blocking application
19:40:34  [Apache] 	or reconfigure Apache and the Control Panel to listen on a different port
19:40:34  [Apache] 	Attempting to start Apache app...
19:44:45  [Apache] 	Status change detected: running
19:44:45  [Apache] 	Status change detected: stopped
19:44:45  [Apache] 	Error: Apache shutdown unexpectedly.
19:44:45  [Apache] 	This may be due to a blocked port, missing dependencies, 
19:44:45  [Apache] 	improper privileges, a crash, or a shutdown by another method.
19:44:45  [Apache] 	Press the Logs button to view error logs and check
19:44:45  [Apache] 	the Windows Event Viewer for more clues
19:44:45  [Apache] 	If you need more help, copy and post this
19:44:45  [Apache] 	entire log window on the forums
19:44:49  [main] 	Deinitializing Modules
19:44:49  [main] 	Deinitializing Control Panel

21:49:17  [main] 	Initializing Control Panel
21:49:17  [main] 	Windows Version:  Pro  64-bit
21:49:17  [main] 	XAMPP Version: 5.6.30
21:49:17  [main] 	Control Panel Version: 3.2.2  [ Compiled: Nov 12th 2015 ]
21:49:17  [main] 	You are not running with administrator rights! This will work for
21:49:17  [main] 	most application stuff but whenever you do something with services
21:49:17  [main] 	there will be a security dialogue or things will break! So think 
21:49:17  [main] 	about running this application with administrator rights!
21:49:17  [main] 	XAMPP Installation Directory: "c:\abcb002\"
21:49:17  [main] 	Checking for prerequisites
21:49:17  [main] 	All prerequisites found
21:49:17  [main] 	Initializing Modules
21:49:17  [main] 	The Mercury module is disabled
21:49:17  [main] 	The Tomcat module is disabled
21:49:17  [main] 	Starting Check-Timer
21:49:17  [main] 	Control Panel Ready
21:49:18  [Apache] 	Attempting to start Apache app...
21:49:18  [Apache] 	Status change detected: running
21:49:20  [mysql] 	Attempting to start MySQL app...
21:49:21  [mysql] 	Status change detected: running
21:50:50  [mysql] 	Attempting to stop MySQL app...
21:50:50  [mysql] 	Status change detected: stopped
21:50:51  [Apache] 	Attempting to stop Apache (PID: 11400)
21:50:51  [Apache] 	Attempting to stop Apache (PID: 3448)
21:50:51  [Apache] 	Status change detected: stopped
21:52:21  [Apache] 	Attempting to start Apache app...
21:52:22  [Apache] 	Status change detected: running
21:52:23  [mysql] 	Attempting to start MySQL app...
21:52:23  [mysql] 	Status change detected: running
01:24:28  [Apache] 	Attempting to stop Apache (PID: 6016)
01:24:28  [Apache] 	Attempting to stop Apache (PID: 5328)
01:24:28  [Apache] 	Status change detected: stopped
01:24:29  [mysql] 	Attempting to stop MySQL app...
01:24:29  [mysql] 	Status change detected: stopped
01:24:39  [main] 	Deinitializing Modules
01:24:39  [main] 	Deinitializing Control Panel

18:12:09  [main] 	Initializing Control Panel
18:12:09  [main] 	Windows Version:  Pro  64-bit
18:12:09  [main] 	XAMPP Version: 5.6.30
18:12:09  [main] 	Control Panel Version: 3.2.2  [ Compiled: Nov 12th 2015 ]
18:12:09  [main] 	You are not running with administrator rights! This will work for
18:12:09  [main] 	most application stuff but whenever you do something with services
18:12:09  [main] 	there will be a security dialogue or things will break! So think 
18:12:09  [main] 	about running this application with administrator rights!
18:12:09  [main] 	XAMPP Installation Directory: "c:\abcb002\"
18:12:09  [main] 	Checking for prerequisites
18:12:10  [main] 	All prerequisites found
18:12:10  [main] 	Initializing Modules
18:12:10  [main] 	The Mercury module is disabled
18:12:10  [main] 	The Tomcat module is disabled
18:12:10  [main] 	Starting Check-Timer
18:12:10  [main] 	Control Panel Ready
18:12:11  [Apache] 	Attempting to start Apache app...
18:12:12  [Apache] 	Status change detected: running
18:12:13  [mysql] 	Attempting to start MySQL app...
18:12:14  [mysql] 	Status change detected: running
20:34:52  [mysql] 	Attempting to stop MySQL app...
20:34:52  [mysql] 	Status change detected: stopped
20:34:53  [Apache] 	Attempting to stop Apache (PID: 13000)
20:34:53  [Apache] 	Attempting to stop Apache (PID: 12280)
20:34:53  [Apache] 	Status change detected: stopped
20:35:00  [main] 	Deinitializing Modules
20:35:00  [main] 	Deinitializing Control Panel

23:30:15  [main] 	Initializing Control Panel
23:30:15  [main] 	Windows Version:  Pro  64-bit
23:30:15  [main] 	XAMPP Version: 5.6.30
23:30:15  [main] 	Control Panel Version: 3.2.2  [ Compiled: Nov 12th 2015 ]
23:30:15  [main] 	You are not running with administrator rights! This will work for
23:30:15  [main] 	most application stuff but whenever you do something with services
23:30:15  [main] 	there will be a security dialogue or things will break! So think 
23:30:15  [main] 	about running this application with administrator rights!
23:30:15  [main] 	XAMPP Installation Directory: "c:\abcb002\"
23:30:15  [main] 	Checking for prerequisites
23:30:16  [main] 	All prerequisites found
23:30:16  [main] 	Initializing Modules
23:30:16  [main] 	The Mercury module is disabled
23:30:16  [main] 	The Tomcat module is disabled
23:30:16  [main] 	Starting Check-Timer
23:30:16  [main] 	Control Panel Ready
23:30:17  [Apache] 	Attempting to start Apache app...
23:30:18  [Apache] 	Status change detected: running
23:30:19  [mysql] 	Attempting to start MySQL app...
23:30:20  [mysql] 	Status change detected: running
00:07:03  [mysql] 	Attempting to stop MySQL app...
00:07:04  [mysql] 	Status change detected: stopped
00:07:04  [Apache] 	Attempting to stop Apache (PID: 4476)
00:07:04  [Apache] 	Attempting to stop Apache (PID: 10540)
00:07:04  [Apache] 	Status change detected: stopped
00:07:18  [main] 	Deinitializing Modules
00:07:18  [main] 	Deinitializing Control Panel

20:11:23  [main] 	Initializing Control Panel
20:11:23  [main] 	Windows Version:  Pro  64-bit
20:11:23  [main] 	XAMPP Version: 5.6.30
20:11:23  [main] 	Control Panel Version: 3.2.2  [ Compiled: Nov 12th 2015 ]
20:11:23  [main] 	You are not running with administrator rights! This will work for
20:11:23  [main] 	most application stuff but whenever you do something with services
20:11:23  [main] 	there will be a security dialogue or things will break! So think 
20:11:23  [main] 	about running this application with administrator rights!
20:11:23  [main] 	XAMPP Installation Directory: "c:\abcb002\"
20:11:23  [main] 	Checking for prerequisites
20:11:24  [main] 	All prerequisites found
20:11:24  [main] 	Initializing Modules
20:11:24  [main] 	The Mercury module is disabled
20:11:24  [main] 	The Tomcat module is disabled
20:11:24  [main] 	Starting Check-Timer
20:11:24  [main] 	Control Panel Ready
20:11:25  [Apache] 	Attempting to start Apache app...
20:11:26  [Apache] 	Status change detected: running
20:11:28  [mysql] 	Attempting to start MySQL app...
20:11:28  [mysql] 	Status change detected: running
20:57:11  [mysql] 	Attempting to stop MySQL app...
20:57:12  [mysql] 	Status change detected: stopped
20:57:12  [Apache] 	Attempting to stop Apache (PID: 500)
20:57:12  [Apache] 	Attempting to stop Apache (PID: 9864)
20:57:13  [Apache] 	Status change detected: stopped
21:32:01  [Apache] 	Status change detected: running
21:32:03  [mysql] 	Status change detected: running
21:40:36  [mysql] 	Status change detected: stopped
21:40:38  [Apache] 	Status change detected: stopped
21:40:44  [main] 	Deinitializing Modules
21:40:44  [main] 	Deinitializing Control Panel

07:17:18  [main] 	Initializing Control Panel
07:17:18  [main] 	Windows Version:  Pro  64-bit
07:17:18  [main] 	XAMPP Version: 5.6.30
07:17:18  [main] 	Control Panel Version: 3.2.2  [ Compiled: Nov 12th 2015 ]
07:17:18  [main] 	You are not running with administrator rights! This will work for
07:17:18  [main] 	most application stuff but whenever you do something with services
07:17:18  [main] 	there will be a security dialogue or things will break! So think 
07:17:18  [main] 	about running this application with administrator rights!
07:17:18  [main] 	XAMPP Installation Directory: "c:\abcb002\"
07:17:18  [main] 	Checking for prerequisites
07:17:19  [main] 	All prerequisites found
07:17:19  [main] 	Initializing Modules
07:17:19  [main] 	The Mercury module is disabled
07:17:19  [main] 	The Tomcat module is disabled
07:17:19  [main] 	Starting Check-Timer
07:17:19  [main] 	Control Panel Ready
07:17:26  [Apache] 	Attempting to start Apache app...
07:17:26  [Apache] 	Status change detected: running
07:17:28  [mysql] 	Attempting to start MySQL app...
07:17:29  [mysql] 	Status change detected: running
08:57:00  [mysql] 	Attempting to stop MySQL app...
08:57:01  [mysql] 	Status change detected: stopped
08:57:02  [Apache] 	Attempting to stop Apache (PID: 4960)
08:57:02  [Apache] 	Attempting to stop Apache (PID: 5800)
08:57:03  [Apache] 	Status change detected: stopped
09:08:22  [Apache] 	Attempting to start Apache app...
09:08:22  [Apache] 	Status change detected: running
09:08:23  [mysql] 	Attempting to start MySQL app...
09:08:24  [mysql] 	Status change detected: running
13:43:56  [Apache] 	Attempting to stop Apache (PID: 4864)
13:43:56  [Apache] 	Attempting to stop Apache (PID: 11992)
13:43:56  [Apache] 	Status change detected: stopped
13:43:57  [mysql] 	Attempting to stop MySQL app...
13:43:57  [mysql] 	Status change detected: stopped
13:46:22  [Apache] 	Attempting to start Apache app...
13:46:23  [Apache] 	Status change detected: running
13:47:04  [mysql] 	Attempting to start MySQL app...
13:47:04  [mysql] 	Status change detected: running
14:13:49  [mysql] 	Attempting to stop MySQL app...
14:13:49  [mysql] 	Status change detected: stopped
14:13:49  [Apache] 	Attempting to stop Apache (PID: 10016)
14:13:49  [Apache] 	Attempting to stop Apache (PID: 8944)
14:13:50  [Apache] 	Status change detected: stopped
14:15:06  [mysql] 	Attempting to start MySQL app...
14:15:07  [mysql] 	Status change detected: running
14:15:07  [Apache] 	Attempting to start Apache app...
14:15:08  [Apache] 	Status change detected: running
19:44:19  [main] 	Deinitializing Modules
19:44:19  [main] 	Deinitializing Control Panel

