********************************************************************************
DUPLICATOR-LITE PACKAGE-LOG: 2017-06-13 16:27:18
NOTICE: Do NOT post to public sites or forums 
********************************************************************************
VERSION:	1.2.8
WORDPRESS:	4.8
PHP INFO:	5.6.30 | SAPI: apache2handler
SERVER:		Apache/2.4.25 (Win32) OpenSSL/1.0.2j PHP/5.6.30 
PHP TIME LIMIT: (0) no time limit imposed 
PHP MAX MEMORY: 2048M (128M default) 
MEMORY STACK: 24.25MB 

********************************************************************************
DATABASE:
********************************************************************************
BUILD MODE:   PHP(query limit - 100)
MYSQLTIMEOUT: 5000
MYSQLDUMP:    Not Supported 
TABLES: total:17 | filtered:0 | create:17 
FILTERED: [] 
SQL CREATED: 20170611_yodoo_5c74384633d1cc2c3091170613162710_database.sql 
SQL FILE SIZE: 32.04MB (33592049) 
SQL FILE TIME: 2017-06-13 16:27:20 
SQL RUNTIME: 2.10 sec. 

******************************************************************************** 
ARCHIVE (ZIP): 
******************************************************************************** 
ARCHIVE DIR:  C:/ABCB002/htdocs/WP 
ARCHIVE FILE: 20170611_yodoo_5c74384633d1cc2c3091170613162710_archive.zip 
FILTERS: *OFF* 
DIRS: not set 
EXTS:  not set 
---------------------------------------- 
COMPRESSING 
SIZE:	158.11MB 
STATS:	Dirs 703 | Files 4,453 
SQL ADDED: 20170611_yodoo_5c74384633d1cc2c3091170613162710_database.sql 
ZipArchive Object
(
    [status] => 0
    [statusSys] => 0
    [numFiles] => 5156
    [filename] => C:\ABCB002\htdocs\WP\wp-snapshots\tmp\20170611_yodoo_5c74384633d1cc2c3091170613162710_archive.zip
    [comment] => 
)
 
COMPRESSION RESULT: '1' 
COMPRESSED SIZE: 94.88MB 
ARCHIVE RUNTIME: 11.78 sec. 
MEMORY STACK: 26.25MB 

******************************************************************************** 
MAKE INSTALLER: 
******************************************************************************** 
Build Start 
Build Finished 
Preping for use 
Template parsed with new data 
Complete [C:/ABCB002/htdocs/WP/wp-snapshots/tmp/20170611_yodoo_5c74384633d1cc2c3091170613162710_installer.php] 
Added to archive 

******************************************************************************** 
INTEGRITY CHECKS: 
******************************************************************************** 
SQL File: 32.04MB 
Installer File: 428.39KB 
Archive File: 94.88MB  

********************************************************************************
RECORD ID:[3]
TOTAL PROCESS RUNTIME: 17.62 sec.
PEAK PHP MEMORY USED: 29.25MB
DONE PROCESSING => 20170611_yodoo 2017-06-13 16:27:35
 
