********************************************************************************
DUPLICATOR-LITE PACKAGE-LOG: 2017-06-11 16:33:33
NOTICE: Do NOT post to public sites or forums 
********************************************************************************
VERSION:	1.2.8
WORDPRESS:	4.8
PHP INFO:	5.6.30 | SAPI: apache2handler
SERVER:		Apache/2.4.25 (Win32) OpenSSL/1.0.2j PHP/5.6.30 
PHP TIME LIMIT: (0) no time limit imposed 
PHP MAX MEMORY: 2048M (128M default) 
MEMORY STACK: 24.25MB 

********************************************************************************
DATABASE:
********************************************************************************
BUILD MODE:   PHP(query limit - 100)
MYSQLTIMEOUT: 5000
MYSQLDUMP:    Not Supported 
TABLES: total:17 | filtered:0 | create:17 
FILTERED: [] 
SQL CREATED: 20170611_yodoo_f13c0b1e0ca4f7688578170611163321_database.sql 
SQL FILE SIZE: 30.85MB (32347297) 
SQL FILE TIME: 2017-06-11 16:33:35 
SQL RUNTIME: 2.09 sec. 

******************************************************************************** 
ARCHIVE (ZIP): 
******************************************************************************** 
ARCHIVE DIR:  C:/ABCB002/htdocs/WP 
ARCHIVE FILE: 20170611_yodoo_f13c0b1e0ca4f7688578170611163321_archive.zip 
FILTERS: *OFF* 
DIRS: not set 
EXTS:  not set 
---------------------------------------- 
COMPRESSING 
SIZE:	156.4MB 
STATS:	Dirs 703 | Files 4,444 
SQL ADDED: 20170611_yodoo_f13c0b1e0ca4f7688578170611163321_database.sql 
ZipArchive Object
(
    [status] => 0
    [statusSys] => 0
    [numFiles] => 5147
    [filename] => C:\ABCB002\htdocs\WP\wp-snapshots\tmp\20170611_yodoo_f13c0b1e0ca4f7688578170611163321_archive.zip
    [comment] => 
)
 
COMPRESSION RESULT: '1' 
COMPRESSED SIZE: 93.16MB 
ARCHIVE RUNTIME: 27.82 sec. 
MEMORY STACK: 27.25MB 

******************************************************************************** 
MAKE INSTALLER: 
******************************************************************************** 
Build Start 
Build Finished 
Preping for use 
Template parsed with new data 
Complete [C:/ABCB002/htdocs/WP/wp-snapshots/tmp/20170611_yodoo_f13c0b1e0ca4f7688578170611163321_installer.php] 
Added to archive 

******************************************************************************** 
INTEGRITY CHECKS: 
******************************************************************************** 
SQL File: 30.85MB 
Installer File: 428.39KB 
Archive File: 93.16MB  

********************************************************************************
RECORD ID:[1]
TOTAL PROCESS RUNTIME: 33.60 sec.
PEAK PHP MEMORY USED: 29.25MB
DONE PROCESSING => 20170611_yodoo 2017-06-11 16:34:06
 
