********************************************************************************
DUPLICATOR-LITE PACKAGE-LOG: 2017-05-27 21:53:03
NOTICE: Do NOT post to public sites or forums 
********************************************************************************
VERSION:	1.2.8
WORDPRESS:	4.7.5
PHP INFO:	5.6.30 | SAPI: apache2handler
SERVER:		Apache/2.4.25 (Win32) OpenSSL/1.0.2j PHP/5.6.30 
PHP TIME LIMIT: (0) no time limit imposed 
PHP MAX MEMORY: 2048M (128M default) 
MEMORY STACK: 20.25MB 

********************************************************************************
DATABASE:
********************************************************************************
BUILD MODE:   PHP(query limit - 100)
MYSQLTIMEOUT: 5000
MYSQLDUMP:    Not Supported 
TABLES: total:19 | filtered:0 | create:19 
FILTERED: [] 
SQL CREATED: Original_yodoo_db9ebdeb0246a1a81690170527215242_database.sql 
SQL FILE SIZE: 678.69KB (694980) 
SQL FILE TIME: 2017-05-27 21:53:03 
SQL RUNTIME: 0.06 sec. 

******************************************************************************** 
ARCHIVE (ZIP): 
******************************************************************************** 
ARCHIVE DIR:  C:/ABCB002/htdocs/WP 
ARCHIVE FILE: Original_yodoo_db9ebdeb0246a1a81690170527215242_archive.zip 
FILTERS: *OFF* 
DIRS: not set 
EXTS:  not set 
---------------------------------------- 
COMPRESSING 
SIZE:	26.85MB 
STATS:	Dirs 177 | Files 1,639 
SQL ADDED: Original_yodoo_db9ebdeb0246a1a81690170527215242_database.sql 
ZipArchive Object
(
    [status] => 0
    [statusSys] => 0
    [numFiles] => 1816
    [filename] => C:\ABCB002\htdocs\WP\wp-snapshots\tmp\Original_yodoo_db9ebdeb0246a1a81690170527215242_archive.zip
    [comment] => 
)
 
COMPRESSION RESULT: '1' 
COMPRESSED SIZE: 10.62MB 
ARCHIVE RUNTIME: 5.22 sec. 
MEMORY STACK: 21MB 

******************************************************************************** 
MAKE INSTALLER: 
******************************************************************************** 
Build Start 
Build Finished 
Preping for use 
Template parsed with new data 
Complete [C:/ABCB002/htdocs/WP/wp-snapshots/tmp/Original_yodoo_db9ebdeb0246a1a81690170527215242_installer.php] 
Added to archive 

******************************************************************************** 
INTEGRITY CHECKS: 
******************************************************************************** 
SQL File: 678.69KB 
Installer File: 428.39KB 
Archive File: 10.62MB  

********************************************************************************
RECORD ID:[1]
TOTAL PROCESS RUNTIME: 5.53 sec.
PEAK PHP MEMORY USED: 24MB
DONE PROCESSING => Original_yodoo 2017-05-27 21:53:09
 
