[Sat May 27 19:25:57.181682 2017] [ssl:warn] [pid 12564:tid 468] AH01909: www.example.com:443:0 server certificate does NOT include an ID which matches the server name
[Sat May 27 19:25:57.294430 2017] [ssl:warn] [pid 12564:tid 468] AH01909: www.example.com:443:0 server certificate does NOT include an ID which matches the server name
[Sat May 27 19:25:57.323460 2017] [mpm_winnt:notice] [pid 12564:tid 468] AH00455: Apache/2.4.25 (Win32) OpenSSL/1.0.2j PHP/5.6.30 configured -- resuming normal operations
[Sat May 27 19:25:57.323460 2017] [mpm_winnt:notice] [pid 12564:tid 468] AH00456: Apache Lounge VC11 Server built: Dec 20 2016 13:02:04
[Sat May 27 19:25:57.323460 2017] [core:notice] [pid 12564:tid 468] AH00094: Command line: 'c:\\abcb002\\apache\\bin\\httpd.exe -d C:/ABCB002/apache'
[Sat May 27 19:25:57.327450 2017] [mpm_winnt:notice] [pid 12564:tid 468] AH00418: Parent: Created child process 17328
[Sat May 27 19:25:57.811210 2017] [ssl:warn] [pid 17328:tid 624] AH01909: www.example.com:443:0 server certificate does NOT include an ID which matches the server name
[Sat May 27 19:25:57.913900 2017] [ssl:warn] [pid 17328:tid 624] AH01909: www.example.com:443:0 server certificate does NOT include an ID which matches the server name
[Sat May 27 19:25:57.943932 2017] [mpm_winnt:notice] [pid 17328:tid 624] AH00354: Child: Starting 150 worker threads.
[Sat May 27 19:49:55.221218 2017] [ssl:warn] [pid 11956:tid 596] AH01909: www.example.com:443:0 server certificate does NOT include an ID which matches the server name
[Sat May 27 19:49:55.264260 2017] [core:warn] [pid 11956:tid 596] AH00098: pid file C:/ABCB002/apache/logs/httpd.pid overwritten -- Unclean shutdown of previous Apache run?
[Sat May 27 19:49:55.332526 2017] [ssl:warn] [pid 11956:tid 596] AH01909: www.example.com:443:0 server certificate does NOT include an ID which matches the server name
[Sat May 27 19:49:55.466157 2017] [mpm_winnt:notice] [pid 11956:tid 596] AH00455: Apache/2.4.25 (Win32) OpenSSL/1.0.2j PHP/5.6.30 configured -- resuming normal operations
[Sat May 27 19:49:55.466157 2017] [mpm_winnt:notice] [pid 11956:tid 596] AH00456: Apache Lounge VC11 Server built: Dec 20 2016 13:02:04
[Sat May 27 19:49:55.466157 2017] [core:notice] [pid 11956:tid 596] AH00094: Command line: 'c:\\abcb002\\apache\\bin\\httpd.exe -d C:/ABCB002/apache'
[Sat May 27 19:49:55.470663 2017] [mpm_winnt:notice] [pid 11956:tid 596] AH00418: Parent: Created child process 8332
[Sat May 27 19:49:55.977012 2017] [ssl:warn] [pid 8332:tid 524] AH01909: www.example.com:443:0 server certificate does NOT include an ID which matches the server name
[Sat May 27 19:49:56.076131 2017] [ssl:warn] [pid 8332:tid 524] AH01909: www.example.com:443:0 server certificate does NOT include an ID which matches the server name
[Sat May 27 19:49:56.104660 2017] [mpm_winnt:notice] [pid 8332:tid 524] AH00354: Child: Starting 150 worker threads.
[Sat May 27 19:54:52.236688 2017] [ssl:warn] [pid 9040:tid 588] AH01909: www.example.com:443:0 server certificate does NOT include an ID which matches the server name
[Sat May 27 19:54:52.273759 2017] [core:warn] [pid 9040:tid 588] AH00098: pid file C:/ABCB002/apache/logs/httpd.pid overwritten -- Unclean shutdown of previous Apache run?
[Sat May 27 19:54:52.352820 2017] [ssl:warn] [pid 9040:tid 588] AH01909: www.example.com:443:0 server certificate does NOT include an ID which matches the server name
[Sat May 27 19:54:52.526526 2017] [mpm_winnt:notice] [pid 9040:tid 588] AH00455: Apache/2.4.25 (Win32) OpenSSL/1.0.2j PHP/5.6.30 configured -- resuming normal operations
[Sat May 27 19:54:52.526526 2017] [mpm_winnt:notice] [pid 9040:tid 588] AH00456: Apache Lounge VC11 Server built: Dec 20 2016 13:02:04
[Sat May 27 19:54:52.526526 2017] [core:notice] [pid 9040:tid 588] AH00094: Command line: 'c:\\abcb002\\apache\\bin\\httpd.exe -d C:/ABCB002/apache'
[Sat May 27 19:54:52.530529 2017] [mpm_winnt:notice] [pid 9040:tid 588] AH00418: Parent: Created child process 8972
[Sat May 27 19:54:53.082378 2017] [ssl:warn] [pid 8972:tid 596] AH01909: www.example.com:443:0 server certificate does NOT include an ID which matches the server name
[Sat May 27 19:54:53.211516 2017] [ssl:warn] [pid 8972:tid 596] AH01909: www.example.com:443:0 server certificate does NOT include an ID which matches the server name
[Sat May 27 19:54:53.238536 2017] [mpm_winnt:notice] [pid 8972:tid 596] AH00354: Child: Starting 150 worker threads.
[Sat May 27 19:56:27.602619 2017] [ssl:warn] [pid 13112:tid 660] AH01909: www.example.com:443:0 server certificate does NOT include an ID which matches the server name
[Sat May 27 19:56:27.639655 2017] [core:warn] [pid 13112:tid 660] AH00098: pid file C:/ABCB002/apache/logs/httpd.pid overwritten -- Unclean shutdown of previous Apache run?
[Sat May 27 19:56:27.713236 2017] [ssl:warn] [pid 13112:tid 660] AH01909: www.example.com:443:0 server certificate does NOT include an ID which matches the server name
[Sat May 27 19:56:27.740763 2017] [mpm_winnt:notice] [pid 13112:tid 660] AH00455: Apache/2.4.25 (Win32) OpenSSL/1.0.2j PHP/5.6.30 configured -- resuming normal operations
[Sat May 27 19:56:27.740763 2017] [mpm_winnt:notice] [pid 13112:tid 660] AH00456: Apache Lounge VC11 Server built: Dec 20 2016 13:02:04
[Sat May 27 19:56:27.740763 2017] [core:notice] [pid 13112:tid 660] AH00094: Command line: 'c:\\abcb002\\apache\\bin\\httpd.exe -d C:/ABCB002/apache'
[Sat May 27 19:56:27.744754 2017] [mpm_winnt:notice] [pid 13112:tid 660] AH00418: Parent: Created child process 10724
[Sat May 27 19:56:28.301321 2017] [ssl:warn] [pid 10724:tid 600] AH01909: www.example.com:443:0 server certificate does NOT include an ID which matches the server name
[Sat May 27 19:56:28.416932 2017] [ssl:warn] [pid 10724:tid 600] AH01909: www.example.com:443:0 server certificate does NOT include an ID which matches the server name
[Sat May 27 19:56:28.448478 2017] [mpm_winnt:notice] [pid 10724:tid 600] AH00354: Child: Starting 150 worker threads.
[Sat May 27 20:10:12.381207 2017] [ssl:warn] [pid 12608:tid 604] AH01909: www.example.com:443:0 server certificate does NOT include an ID which matches the server name
[Sat May 27 20:10:12.418228 2017] [core:warn] [pid 12608:tid 604] AH00098: pid file C:/ABCB002/apache/logs/httpd.pid overwritten -- Unclean shutdown of previous Apache run?
[Sat May 27 20:10:12.491300 2017] [ssl:warn] [pid 12608:tid 604] AH01909: www.example.com:443:0 server certificate does NOT include an ID which matches the server name
[Sat May 27 20:10:12.518326 2017] [mpm_winnt:notice] [pid 12608:tid 604] AH00455: Apache/2.4.25 (Win32) OpenSSL/1.0.2j PHP/5.6.30 configured -- resuming normal operations
[Sat May 27 20:10:12.518326 2017] [mpm_winnt:notice] [pid 12608:tid 604] AH00456: Apache Lounge VC11 Server built: Dec 20 2016 13:02:04
[Sat May 27 20:10:12.518326 2017] [core:notice] [pid 12608:tid 604] AH00094: Command line: 'c:\\abcb002\\apache\\bin\\httpd.exe -d C:/ABCB002/apache'
[Sat May 27 20:10:12.522330 2017] [mpm_winnt:notice] [pid 12608:tid 604] AH00418: Parent: Created child process 1568
[Sat May 27 20:10:13.084694 2017] [ssl:warn] [pid 1568:tid 468] AH01909: www.example.com:443:0 server certificate does NOT include an ID which matches the server name
[Sat May 27 20:10:13.189633 2017] [ssl:warn] [pid 1568:tid 468] AH01909: www.example.com:443:0 server certificate does NOT include an ID which matches the server name
[Sat May 27 20:10:13.217678 2017] [mpm_winnt:notice] [pid 1568:tid 468] AH00354: Child: Starting 150 worker threads.
[Sat May 27 21:37:20.855318 2017] [:error] [pid 1568:tid 1856] [client 192.168.1.21:64870] script 'C:/ABCB002/htdocs/WP/wplogin.php' not found or unable to stat
[Sat May 27 22:42:54.003875 2017] [ssl:warn] [pid 14692:tid 608] AH01909: www.example.com:443:0 server certificate does NOT include an ID which matches the server name
[Sat May 27 22:42:54.043495 2017] [core:warn] [pid 14692:tid 608] AH00098: pid file C:/ABCB002/apache/logs/httpd.pid overwritten -- Unclean shutdown of previous Apache run?
[Sat May 27 22:42:54.110559 2017] [ssl:warn] [pid 14692:tid 608] AH01909: www.example.com:443:0 server certificate does NOT include an ID which matches the server name
[Sat May 27 22:42:54.136102 2017] [mpm_winnt:notice] [pid 14692:tid 608] AH00455: Apache/2.4.25 (Win32) OpenSSL/1.0.2j PHP/5.6.30 configured -- resuming normal operations
[Sat May 27 22:42:54.136102 2017] [mpm_winnt:notice] [pid 14692:tid 608] AH00456: Apache Lounge VC11 Server built: Dec 20 2016 13:02:04
[Sat May 27 22:42:54.136102 2017] [core:notice] [pid 14692:tid 608] AH00094: Command line: 'c:\\abcb002\\apache\\bin\\httpd.exe -d C:/ABCB002/apache'
[Sat May 27 22:42:54.140114 2017] [mpm_winnt:notice] [pid 14692:tid 608] AH00418: Parent: Created child process 10600
[Sat May 27 22:42:54.709369 2017] [ssl:warn] [pid 10600:tid 612] AH01909: www.example.com:443:0 server certificate does NOT include an ID which matches the server name
[Sat May 27 22:42:54.809529 2017] [ssl:warn] [pid 10600:tid 612] AH01909: www.example.com:443:0 server certificate does NOT include an ID which matches the server name
[Sat May 27 22:42:54.836089 2017] [mpm_winnt:notice] [pid 10600:tid 612] AH00354: Child: Starting 150 worker threads.
[Sat May 27 23:00:47.751890 2017] [ssl:warn] [pid 860:tid 556] AH01909: www.example.com:443:0 server certificate does NOT include an ID which matches the server name
[Sat May 27 23:00:47.771233 2017] [core:warn] [pid 860:tid 556] AH00098: pid file C:/ABCB002/apache/logs/httpd.pid overwritten -- Unclean shutdown of previous Apache run?
[Sat May 27 23:00:47.816009 2017] [ssl:warn] [pid 860:tid 556] AH01909: www.example.com:443:0 server certificate does NOT include an ID which matches the server name
[Sat May 27 23:00:47.833054 2017] [mpm_winnt:notice] [pid 860:tid 556] AH00455: Apache/2.4.25 (Win32) OpenSSL/1.0.2j PHP/5.6.30 configured -- resuming normal operations
[Sat May 27 23:00:47.833054 2017] [mpm_winnt:notice] [pid 860:tid 556] AH00456: Apache Lounge VC11 Server built: Dec 20 2016 13:02:04
[Sat May 27 23:00:47.833054 2017] [core:notice] [pid 860:tid 556] AH00094: Command line: 'c:\\abcb002\\apache\\bin\\httpd.exe -d C:/ABCB002/apache'
[Sat May 27 23:00:47.834057 2017] [mpm_winnt:notice] [pid 860:tid 556] AH00418: Parent: Created child process 12192
[Sat May 27 23:00:48.099068 2017] [ssl:warn] [pid 12192:tid 640] AH01909: www.example.com:443:0 server certificate does NOT include an ID which matches the server name
[Sat May 27 23:00:48.160711 2017] [ssl:warn] [pid 12192:tid 640] AH01909: www.example.com:443:0 server certificate does NOT include an ID which matches the server name
[Sat May 27 23:00:48.178060 2017] [mpm_winnt:notice] [pid 12192:tid 640] AH00354: Child: Starting 150 worker threads.
[Sat May 27 23:16:24.125857 2017] [ssl:warn] [pid 9160:tid 624] AH01909: www.example.com:443:0 server certificate does NOT include an ID which matches the server name
[Sat May 27 23:16:24.162504 2017] [core:warn] [pid 9160:tid 624] AH00098: pid file C:/ABCB002/apache/logs/httpd.pid overwritten -- Unclean shutdown of previous Apache run?
[Sat May 27 23:16:24.234807 2017] [ssl:warn] [pid 9160:tid 624] AH01909: www.example.com:443:0 server certificate does NOT include an ID which matches the server name
[Sat May 27 23:16:24.260832 2017] [mpm_winnt:notice] [pid 9160:tid 624] AH00455: Apache/2.4.25 (Win32) OpenSSL/1.0.2j PHP/5.6.30 configured -- resuming normal operations
[Sat May 27 23:16:24.260832 2017] [mpm_winnt:notice] [pid 9160:tid 624] AH00456: Apache Lounge VC11 Server built: Dec 20 2016 13:02:04
[Sat May 27 23:16:24.260832 2017] [core:notice] [pid 9160:tid 624] AH00094: Command line: 'c:\\abcb002\\apache\\bin\\httpd.exe -d C:/ABCB002/apache'
[Sat May 27 23:16:24.263835 2017] [mpm_winnt:notice] [pid 9160:tid 624] AH00418: Parent: Created child process 2108
[Sat May 27 23:16:24.816560 2017] [ssl:warn] [pid 2108:tid 620] AH01909: www.example.com:443:0 server certificate does NOT include an ID which matches the server name
[Sat May 27 23:16:24.919173 2017] [ssl:warn] [pid 2108:tid 620] AH01909: www.example.com:443:0 server certificate does NOT include an ID which matches the server name
[Sat May 27 23:16:24.946715 2017] [mpm_winnt:notice] [pid 2108:tid 620] AH00354: Child: Starting 150 worker threads.
[Sat May 27 23:33:35.374558 2017] [ssl:warn] [pid 10688:tid 620] AH01909: www.example.com:443:0 server certificate does NOT include an ID which matches the server name
[Sat May 27 23:33:35.412594 2017] [core:warn] [pid 10688:tid 620] AH00098: pid file C:/ABCB002/apache/logs/httpd.pid overwritten -- Unclean shutdown of previous Apache run?
[Sat May 27 23:33:35.479662 2017] [ssl:warn] [pid 10688:tid 620] AH01909: www.example.com:443:0 server certificate does NOT include an ID which matches the server name
[Sat May 27 23:33:35.505687 2017] [mpm_winnt:notice] [pid 10688:tid 620] AH00455: Apache/2.4.25 (Win32) OpenSSL/1.0.2j PHP/5.6.30 configured -- resuming normal operations
[Sat May 27 23:33:35.505687 2017] [mpm_winnt:notice] [pid 10688:tid 620] AH00456: Apache Lounge VC11 Server built: Dec 20 2016 13:02:04
[Sat May 27 23:33:35.505687 2017] [core:notice] [pid 10688:tid 620] AH00094: Command line: 'c:\\abcb002\\apache\\bin\\httpd.exe -d C:/ABCB002/apache'
[Sat May 27 23:33:35.509691 2017] [mpm_winnt:notice] [pid 10688:tid 620] AH00418: Parent: Created child process 9280
[Sat May 27 23:33:36.052465 2017] [ssl:warn] [pid 9280:tid 516] AH01909: www.example.com:443:0 server certificate does NOT include an ID which matches the server name
[Sat May 27 23:33:36.150635 2017] [ssl:warn] [pid 9280:tid 516] AH01909: www.example.com:443:0 server certificate does NOT include an ID which matches the server name
[Sat May 27 23:33:36.177231 2017] [mpm_winnt:notice] [pid 9280:tid 516] AH00354: Child: Starting 150 worker threads.
[Sat May 27 23:54:26.299304 2017] [ssl:warn] [pid 3172:tid 548] AH01909: www.example.com:443:0 server certificate does NOT include an ID which matches the server name
[Sat May 27 23:54:26.319436 2017] [core:warn] [pid 3172:tid 548] AH00098: pid file C:/ABCB002/apache/logs/httpd.pid overwritten -- Unclean shutdown of previous Apache run?
[Sat May 27 23:54:26.386198 2017] [ssl:warn] [pid 3172:tid 548] AH01909: www.example.com:443:0 server certificate does NOT include an ID which matches the server name
[Sat May 27 23:54:26.404249 2017] [mpm_winnt:notice] [pid 3172:tid 548] AH00455: Apache/2.4.25 (Win32) OpenSSL/1.0.2j PHP/5.6.30 configured -- resuming normal operations
[Sat May 27 23:54:26.404249 2017] [mpm_winnt:notice] [pid 3172:tid 548] AH00456: Apache Lounge VC11 Server built: Dec 20 2016 13:02:04
[Sat May 27 23:54:26.404249 2017] [core:notice] [pid 3172:tid 548] AH00094: Command line: 'c:\\abcb002\\apache\\bin\\httpd.exe -d C:/ABCB002/apache'
[Sat May 27 23:54:26.406131 2017] [mpm_winnt:notice] [pid 3172:tid 548] AH00418: Parent: Created child process 11892
[Sat May 27 23:54:26.671838 2017] [ssl:warn] [pid 11892:tid 592] AH01909: www.example.com:443:0 server certificate does NOT include an ID which matches the server name
[Sat May 27 23:54:26.737104 2017] [ssl:warn] [pid 11892:tid 592] AH01909: www.example.com:443:0 server certificate does NOT include an ID which matches the server name
[Sat May 27 23:54:26.755651 2017] [mpm_winnt:notice] [pid 11892:tid 592] AH00354: Child: Starting 150 worker threads.
[Sat May 27 23:56:37.507216 2017] [ssl:warn] [pid 4820:tid 596] AH01909: www.example.com:443:0 server certificate does NOT include an ID which matches the server name
[Sat May 27 23:56:37.525248 2017] [core:warn] [pid 4820:tid 596] AH00098: pid file C:/ABCB002/apache/logs/httpd.pid overwritten -- Unclean shutdown of previous Apache run?
[Sat May 27 23:56:37.573096 2017] [ssl:warn] [pid 4820:tid 596] AH01909: www.example.com:443:0 server certificate does NOT include an ID which matches the server name
[Sat May 27 23:56:37.591144 2017] [mpm_winnt:notice] [pid 4820:tid 596] AH00455: Apache/2.4.25 (Win32) OpenSSL/1.0.2j PHP/5.6.30 configured -- resuming normal operations
[Sat May 27 23:56:37.591144 2017] [mpm_winnt:notice] [pid 4820:tid 596] AH00456: Apache Lounge VC11 Server built: Dec 20 2016 13:02:04
[Sat May 27 23:56:37.591144 2017] [core:notice] [pid 4820:tid 596] AH00094: Command line: 'c:\\abcb002\\apache\\bin\\httpd.exe -d C:/ABCB002/apache'
[Sat May 27 23:56:37.592147 2017] [mpm_winnt:notice] [pid 4820:tid 596] AH00418: Parent: Created child process 2328
[Sat May 27 23:56:37.860055 2017] [ssl:warn] [pid 2328:tid 572] AH01909: www.example.com:443:0 server certificate does NOT include an ID which matches the server name
[Sat May 27 23:56:37.923002 2017] [ssl:warn] [pid 2328:tid 572] AH01909: www.example.com:443:0 server certificate does NOT include an ID which matches the server name
[Sat May 27 23:56:37.941526 2017] [mpm_winnt:notice] [pid 2328:tid 572] AH00354: Child: Starting 150 worker threads.
[Sun May 28 00:27:40.353509 2017] [ssl:warn] [pid 7976:tid 228] AH01909: www.example.com:443:0 server certificate does NOT include an ID which matches the server name
[Sun May 28 00:27:40.373536 2017] [core:warn] [pid 7976:tid 228] AH00098: pid file C:/ABCB002/apache/logs/httpd.pid overwritten -- Unclean shutdown of previous Apache run?
[Sun May 28 00:27:40.418214 2017] [ssl:warn] [pid 7976:tid 228] AH01909: www.example.com:443:0 server certificate does NOT include an ID which matches the server name
[Sun May 28 00:27:40.435287 2017] [mpm_winnt:notice] [pid 7976:tid 228] AH00455: Apache/2.4.25 (Win32) OpenSSL/1.0.2j PHP/5.6.30 configured -- resuming normal operations
[Sun May 28 00:27:40.435287 2017] [mpm_winnt:notice] [pid 7976:tid 228] AH00456: Apache Lounge VC11 Server built: Dec 20 2016 13:02:04
[Sun May 28 00:27:40.435287 2017] [core:notice] [pid 7976:tid 228] AH00094: Command line: 'c:\\abcb002\\apache\\bin\\httpd.exe -d C:/ABCB002/apache'
[Sun May 28 00:27:40.437264 2017] [mpm_winnt:notice] [pid 7976:tid 228] AH00418: Parent: Created child process 12128
[Sun May 28 00:27:40.704029 2017] [ssl:warn] [pid 12128:tid 584] AH01909: www.example.com:443:0 server certificate does NOT include an ID which matches the server name
[Sun May 28 00:27:40.769973 2017] [ssl:warn] [pid 12128:tid 584] AH01909: www.example.com:443:0 server certificate does NOT include an ID which matches the server name
[Sun May 28 00:27:40.788021 2017] [mpm_winnt:notice] [pid 12128:tid 584] AH00354: Child: Starting 150 worker threads.
[Sun May 28 01:03:57.806048 2017] [:error] [pid 12128:tid 1832] [client ::1:53029] PHP Warning:  in_array() expects parameter 2 to be array, null given in C:\\ABCB002\\htdocs\\WP\\wp-content\\plugins\\duplicator\\ctrls\\ctrl.tools.php on line 94, referer: http://localhost/wp/wp-admin/admin.php?page=duplicator-tools&tab=cleanup&package=20170527_yodoo_eb98da19aa4044ae6335170527214410_archive.zip
[Sun May 28 01:04:05.233645 2017] [:error] [pid 12128:tid 1832] [client ::1:53032] PHP Warning:  in_array() expects parameter 2 to be array, null given in C:\\ABCB002\\htdocs\\WP\\wp-content\\plugins\\duplicator\\ctrls\\ctrl.tools.php on line 94, referer: http://localhost/wp/wp-admin/admin.php?page=duplicator-tools&tab=cleanup&action=installer&_wpnonce=c8f88f7bea&package=20170527_yodoo_eb98da19aa4044ae6335170527214410_archive.zip
