2015-11-10 15:26:56 10fc InnoDB: Warning: Using innodb_additional_mem_pool_size is DEPRECATED. This option may be removed in future releases, together with the option innodb_use_sys_malloc and with the InnoDB's internal memory allocator.
2015-11-10 15:26:56 4348 [Note] InnoDB: Using mutexes to ref count buffer pool pages
2015-11-10 15:26:56 4348 [Note] InnoDB: The InnoDB memory heap is disabled
2015-11-10 15:26:56 4348 [Note] InnoDB: Mutexes and rw_locks use Windows interlocked functions
2015-11-10 15:26:56 4348 [Note] InnoDB: Memory barrier is not used
2015-11-10 15:26:56 4348 [Note] InnoDB: Compressed tables use zlib 1.2.3
2015-11-10 15:26:56 4348 [Note] InnoDB: Not using CPU crc32 instructions
2015-11-10 15:26:56 4348 [Note] InnoDB: Initializing buffer pool, size = 16.0M
2015-11-10 15:26:56 4348 [Note] InnoDB: Completed initialization of buffer pool
2015-11-10 15:26:56 4348 [Note] InnoDB: Highest supported file format is Barracuda.
2015-11-10 15:26:57 4348 [Note] InnoDB: 128 rollback segment(s) are active.
2015-11-10 15:26:57 4348 [Note] InnoDB: Waiting for purge to start
2015-11-10 15:26:57 4348 [Note] InnoDB:  Percona XtraDB (http://www.percona.com) 5.6.26-74.0 started; log sequence number 1835027
2015-11-10 15:26:57 6140 [Note] InnoDB: Dumping buffer pool(s) not yet started
2015-11-10 15:26:57 4348 [Note] Plugin 'FEEDBACK' is disabled.
2015-11-10 15:26:57 4348 [Note] Server socket created on IP: '::'.
2015-11-10 15:26:57 4348 [Note] Event Scheduler: Loaded 0 events
2015-11-10 15:26:57 4348 [Note] C:\xampp\mysql\bin\mysqld.exe: ready for connections.
Version: '10.1.8-MariaDB'  socket: ''  port: 3306  mariadb.org binary distribution
2015-11-10 15:27:11 5152 [Note] C:\xampp\mysql\bin\mysqld.exe: Normal shutdown

2015-11-10 15:27:11 5152 [Note] Event Scheduler: Purging the queue. 0 events
2015-11-10 15:27:11 5732 [Note] InnoDB: FTS optimize thread exiting.
2015-11-10 15:27:11 5152 [Note] InnoDB: Starting shutdown...
2015-11-10 15:27:13 5152 [Note] InnoDB: Shutdown completed; log sequence number 1835037
2015-11-10 15:27:13 5152 [Note] C:\xampp\mysql\bin\mysqld.exe: Shutdown complete

2017-05-27 19:27:15 3194 InnoDB: Warning: Using innodb_additional_mem_pool_size is DEPRECATED. This option may be removed in future releases, together with the option innodb_use_sys_malloc and with the InnoDB's internal memory allocator.
2017-05-27 19:27:15 12692 [Note] InnoDB: innodb_empty_free_list_algorithm has been changed to legacy because of small buffer pool size. In order to use backoff, increase buffer pool at least up to 20MB.

2017-05-27 19:27:15 12692 [Note] InnoDB: Using mutexes to ref count buffer pool pages
2017-05-27 19:27:15 12692 [Note] InnoDB: The InnoDB memory heap is disabled
2017-05-27 19:27:15 12692 [Note] InnoDB: Mutexes and rw_locks use Windows interlocked functions
2017-05-27 19:27:15 12692 [Note] InnoDB: _mm_lfence() and _mm_sfence() are used for memory barrier
2017-05-27 19:27:15 12692 [Note] InnoDB: Compressed tables use zlib 1.2.3
2017-05-27 19:27:15 12692 [Note] InnoDB: Using generic crc32 instructions
2017-05-27 19:27:15 12692 [Note] InnoDB: Initializing buffer pool, size = 16.0M
2017-05-27 19:27:15 12692 [Note] InnoDB: Completed initialization of buffer pool
2017-05-27 19:27:15 12692 [Note] InnoDB: Highest supported file format is Barracuda.
2017-05-27 19:27:15 12692 [Note] InnoDB: 128 rollback segment(s) are active.
2017-05-27 19:27:15 12692 [Note] InnoDB: Waiting for purge to start
2017-05-27 19:27:15 12692 [Note] InnoDB:  Percona XtraDB (http://www.percona.com) 5.6.34-79.1 started; log sequence number 1835037
2017-05-27 19:27:15 16412 [Note] InnoDB: Dumping buffer pool(s) not yet started
2017-05-27 19:27:15 12692 [Note] Plugin 'FEEDBACK' is disabled.
2017-05-27 19:27:15 12692 [Note] Server socket created on IP: '::'.
2017-05-27 19:27:15 12692 [Note] c:\abcb002\mysql\bin\mysqld.exe: ready for connections.
Version: '10.1.21-MariaDB'  socket: ''  port: 3306  mariadb.org binary distribution
2017-05-27 19:49:57 21f8 InnoDB: Warning: Using innodb_additional_mem_pool_size is DEPRECATED. This option may be removed in future releases, together with the option innodb_use_sys_malloc and with the InnoDB's internal memory allocator.
2017-05-27 19:49:57 8696 [Note] InnoDB: innodb_empty_free_list_algorithm has been changed to legacy because of small buffer pool size. In order to use backoff, increase buffer pool at least up to 20MB.

2017-05-27 19:49:57 8696 [Note] InnoDB: Using mutexes to ref count buffer pool pages
2017-05-27 19:49:57 8696 [Note] InnoDB: The InnoDB memory heap is disabled
2017-05-27 19:49:57 8696 [Note] InnoDB: Mutexes and rw_locks use Windows interlocked functions
2017-05-27 19:49:57 8696 [Note] InnoDB: _mm_lfence() and _mm_sfence() are used for memory barrier
2017-05-27 19:49:57 8696 [Note] InnoDB: Compressed tables use zlib 1.2.3
2017-05-27 19:49:57 8696 [Note] InnoDB: Using generic crc32 instructions
2017-05-27 19:49:57 8696 [Note] InnoDB: Initializing buffer pool, size = 16.0M
2017-05-27 19:49:57 8696 [Note] InnoDB: Completed initialization of buffer pool
2017-05-27 19:49:57 8696 [Note] InnoDB: Highest supported file format is Barracuda.
2017-05-27 19:49:57 8696 [Note] InnoDB: The log sequence numbers 1835037 and 1835037 in ibdata files do not match the log sequence number 3225435 in the ib_logfiles!
2017-05-27 19:49:57 8696 [Note] InnoDB: Database was not shutdown normally!
2017-05-27 19:49:57 8696 [Note] InnoDB: Starting crash recovery.
2017-05-27 19:49:57 8696 [Note] InnoDB: Reading tablespace information from the .ibd files...
2017-05-27 19:49:57 8696 [Note] InnoDB: Restoring possible half-written data pages 
2017-05-27 19:49:57 8696 [Note] InnoDB: from the doublewrite buffer...
2017-05-27 19:49:57 8696 [Note] InnoDB: 128 rollback segment(s) are active.
2017-05-27 19:49:57 8696 [Note] InnoDB: Waiting for purge to start
2017-05-27 19:49:57 8696 [Note] InnoDB:  Percona XtraDB (http://www.percona.com) 5.6.34-79.1 started; log sequence number 3225435
2017-05-27 19:49:57 10916 [Note] InnoDB: Dumping buffer pool(s) not yet started
2017-05-27 19:49:57 8696 [Note] Plugin 'FEEDBACK' is disabled.
2017-05-27 19:49:57 8696 [Note] Server socket created on IP: '::'.
2017-05-27 19:49:57 8696 [Note] c:\abcb002\mysql\bin\mysqld.exe: ready for connections.
Version: '10.1.21-MariaDB'  socket: ''  port: 3306  mariadb.org binary distribution
2017-05-27 19:54:20 19a4 InnoDB: Warning: Using innodb_additional_mem_pool_size is DEPRECATED. This option may be removed in future releases, together with the option innodb_use_sys_malloc and with the InnoDB's internal memory allocator.
2017-05-27 19:54:20 6564 [Note] InnoDB: innodb_empty_free_list_algorithm has been changed to legacy because of small buffer pool size. In order to use backoff, increase buffer pool at least up to 20MB.

2017-05-27 19:54:20 6564 [Note] InnoDB: Using mutexes to ref count buffer pool pages
2017-05-27 19:54:20 6564 [Note] InnoDB: The InnoDB memory heap is disabled
2017-05-27 19:54:20 6564 [Note] InnoDB: Mutexes and rw_locks use Windows interlocked functions
2017-05-27 19:54:20 6564 [Note] InnoDB: _mm_lfence() and _mm_sfence() are used for memory barrier
2017-05-27 19:54:20 6564 [Note] InnoDB: Compressed tables use zlib 1.2.3
2017-05-27 19:54:20 6564 [Note] InnoDB: Using generic crc32 instructions
2017-05-27 19:54:20 6564 [Note] InnoDB: Initializing buffer pool, size = 16.0M
2017-05-27 19:54:20 6564 [Note] InnoDB: Completed initialization of buffer pool
2017-05-27 19:54:20 6564 [Note] InnoDB: Highest supported file format is Barracuda.
2017-05-27 19:54:20 6564 [Note] InnoDB: The log sequence numbers 1835037 and 1835037 in ibdata files do not match the log sequence number 3225445 in the ib_logfiles!
2017-05-27 19:54:20 6564 [Note] InnoDB: Database was not shutdown normally!
2017-05-27 19:54:20 6564 [Note] InnoDB: Starting crash recovery.
2017-05-27 19:54:20 6564 [Note] InnoDB: Reading tablespace information from the .ibd files...
2017-05-27 19:54:20 6564 [Note] InnoDB: Restoring possible half-written data pages 
2017-05-27 19:54:20 6564 [Note] InnoDB: from the doublewrite buffer...
2017-05-27 19:54:20 6564 [Note] InnoDB: 128 rollback segment(s) are active.
2017-05-27 19:54:20 6564 [Note] InnoDB: Waiting for purge to start
2017-05-27 19:54:20 6564 [Note] InnoDB:  Percona XtraDB (http://www.percona.com) 5.6.34-79.1 started; log sequence number 3225445
2017-05-27 19:54:20 8180 [Note] InnoDB: Dumping buffer pool(s) not yet started
2017-05-27 19:54:20 6564 [Note] Plugin 'FEEDBACK' is disabled.
2017-05-27 19:54:20 6564 [Note] Server socket created on IP: '::'.
2017-05-27 19:54:20 6564 [Note] c:\abcb002\mysql\bin\mysqld.exe: ready for connections.
Version: '10.1.21-MariaDB'  socket: ''  port: 3306  mariadb.org binary distribution
2017-05-27 19:56:27 29fc InnoDB: Warning: Using innodb_additional_mem_pool_size is DEPRECATED. This option may be removed in future releases, together with the option innodb_use_sys_malloc and with the InnoDB's internal memory allocator.
2017-05-27 19:56:27 10748 [Note] InnoDB: innodb_empty_free_list_algorithm has been changed to legacy because of small buffer pool size. In order to use backoff, increase buffer pool at least up to 20MB.

2017-05-27 19:56:27 10748 [Note] InnoDB: Using mutexes to ref count buffer pool pages
2017-05-27 19:56:27 10748 [Note] InnoDB: The InnoDB memory heap is disabled
2017-05-27 19:56:27 10748 [Note] InnoDB: Mutexes and rw_locks use Windows interlocked functions
2017-05-27 19:56:27 10748 [Note] InnoDB: _mm_lfence() and _mm_sfence() are used for memory barrier
2017-05-27 19:56:27 10748 [Note] InnoDB: Compressed tables use zlib 1.2.3
2017-05-27 19:56:27 10748 [Note] InnoDB: Using generic crc32 instructions
2017-05-27 19:56:27 10748 [Note] InnoDB: Initializing buffer pool, size = 16.0M
2017-05-27 19:56:27 10748 [Note] InnoDB: Completed initialization of buffer pool
2017-05-27 19:56:27 10748 [Note] InnoDB: Highest supported file format is Barracuda.
2017-05-27 19:56:27 10748 [Note] InnoDB: The log sequence numbers 1835037 and 1835037 in ibdata files do not match the log sequence number 3225705 in the ib_logfiles!
2017-05-27 19:56:27 10748 [Note] InnoDB: Database was not shutdown normally!
2017-05-27 19:56:27 10748 [Note] InnoDB: Starting crash recovery.
2017-05-27 19:56:27 10748 [Note] InnoDB: Reading tablespace information from the .ibd files...
2017-05-27 19:56:27 10748 [Note] InnoDB: Restoring possible half-written data pages 
2017-05-27 19:56:27 10748 [Note] InnoDB: from the doublewrite buffer...
2017-05-27 19:56:28 10748 [Note] InnoDB: 128 rollback segment(s) are active.
2017-05-27 19:56:28 10748 [Note] InnoDB: Waiting for purge to start
2017-05-27 19:56:28 10748 [Note] InnoDB:  Percona XtraDB (http://www.percona.com) 5.6.34-79.1 started; log sequence number 3225705
2017-05-27 19:56:28 10876 [Note] InnoDB: Dumping buffer pool(s) not yet started
2017-05-27 19:56:28 10748 [Note] Plugin 'FEEDBACK' is disabled.
2017-05-27 19:56:28 10748 [Note] Server socket created on IP: '::'.
2017-05-27 19:56:28 10748 [Note] c:\abcb002\mysql\bin\mysqld.exe: ready for connections.
Version: '10.1.21-MariaDB'  socket: ''  port: 3306  mariadb.org binary distribution
2017-05-27 19:58:44 10896 [ERROR] Incorrect definition of table mysql.column_stats: expected column 'min_value' at position 3 to have type varbinary(255), found type varchar(255).
2017-05-27 19:58:44 10896 [ERROR] Incorrect definition of table mysql.column_stats: expected column 'max_value' at position 4 to have type varbinary(255), found type varchar(255).
2017-05-27 19:58:44 10896 [ERROR] Incorrect definition of table mysql.column_stats: expected column 'min_value' at position 3 to have type varbinary(255), found type varchar(255).
2017-05-27 19:58:44 10896 [ERROR] Incorrect definition of table mysql.column_stats: expected column 'max_value' at position 4 to have type varbinary(255), found type varchar(255).
2017-05-27 19:58:44 10896 [ERROR] Incorrect definition of table mysql.column_stats: expected column 'min_value' at position 3 to have type varbinary(255), found type varchar(255).
2017-05-27 19:58:44 10896 [ERROR] Incorrect definition of table mysql.column_stats: expected column 'max_value' at position 4 to have type varbinary(255), found type varchar(255).
2017-05-27 19:58:44 10896 [ERROR] Incorrect definition of table mysql.column_stats: expected column 'min_value' at position 3 to have type varbinary(255), found type varchar(255).
2017-05-27 19:58:44 10896 [ERROR] Incorrect definition of table mysql.column_stats: expected column 'max_value' at position 4 to have type varbinary(255), found type varchar(255).
2017-05-27 19:58:44 10896 [ERROR] Incorrect definition of table mysql.column_stats: expected column 'min_value' at position 3 to have type varbinary(255), found type varchar(255).
2017-05-27 19:58:44 10896 [ERROR] Incorrect definition of table mysql.column_stats: expected column 'max_value' at position 4 to have type varbinary(255), found type varchar(255).
2017-05-27 19:58:44 10896 [ERROR] Incorrect definition of table mysql.column_stats: expected column 'min_value' at position 3 to have type varbinary(255), found type varchar(255).
2017-05-27 19:58:44 10896 [ERROR] Incorrect definition of table mysql.column_stats: expected column 'max_value' at position 4 to have type varbinary(255), found type varchar(255).
2017-05-27 19:58:44 10896 [ERROR] Incorrect definition of table mysql.column_stats: expected column 'min_value' at position 3 to have type varbinary(255), found type varchar(255).
2017-05-27 19:58:44 10896 [ERROR] Incorrect definition of table mysql.column_stats: expected column 'max_value' at position 4 to have type varbinary(255), found type varchar(255).
2017-05-27 19:58:44 10896 [ERROR] Incorrect definition of table mysql.column_stats: expected column 'min_value' at position 3 to have type varbinary(255), found type varchar(255).
2017-05-27 19:58:44 10896 [ERROR] Incorrect definition of table mysql.column_stats: expected column 'max_value' at position 4 to have type varbinary(255), found type varchar(255).
2017-05-27 19:58:44 10896 [ERROR] Incorrect definition of table mysql.column_stats: expected column 'min_value' at position 3 to have type varbinary(255), found type varchar(255).
2017-05-27 19:58:44 10896 [ERROR] Incorrect definition of table mysql.column_stats: expected column 'max_value' at position 4 to have type varbinary(255), found type varchar(255).
2017-05-27 19:58:44 10896 [ERROR] Incorrect definition of table mysql.column_stats: expected column 'min_value' at position 3 to have type varbinary(255), found type varchar(255).
2017-05-27 19:58:44 10896 [ERROR] Incorrect definition of table mysql.column_stats: expected column 'max_value' at position 4 to have type varbinary(255), found type varchar(255).
2017-05-27 19:58:44 10896 [ERROR] Incorrect definition of table mysql.column_stats: expected column 'min_value' at position 3 to have type varbinary(255), found type varchar(255).
2017-05-27 19:58:44 10896 [ERROR] Incorrect definition of table mysql.column_stats: expected column 'max_value' at position 4 to have type varbinary(255), found type varchar(255).
2017-05-27 19:58:44 10896 [ERROR] Incorrect definition of table mysql.column_stats: expected column 'min_value' at position 3 to have type varbinary(255), found type varchar(255).
2017-05-27 19:58:44 10896 [ERROR] Incorrect definition of table mysql.column_stats: expected column 'max_value' at position 4 to have type varbinary(255), found type varchar(255).
2017-05-27 20:06:26 12652 [Note] InnoDB: Online DDL : Start
2017-05-27 20:06:26 12652 [Note] InnoDB: Online DDL : Start reading clustered index of the table and create temporary files
2017-05-27 20:06:26 12652 [Note] InnoDB: Online DDL : End of reading clustered index of the table and create temporary files
2017-05-27 20:06:26 12652 [Note] InnoDB: Online DDL : Start merge-sorting index `PRIMARY` (1 / 4), estimated cost : 8.0000
2017-05-27 20:06:26 12652 [Note] InnoDB: Online DDL : End of  merge-sorting index `PRIMARY` (1 / 4)
2017-05-27 20:06:26 12652 [Note] InnoDB: Online DDL : Start building index `PRIMARY` (1 / 4), estimated cost : 12.0000
2017-05-27 20:06:26 12652 [Note] InnoDB: Online DDL : End of building index `PRIMARY` (1 / 4)
2017-05-27 20:06:26 12652 [Note] InnoDB: Online DDL : Completed
2017-05-27 20:06:26 12652 [Note] InnoDB: Online DDL : Start merge-sorting index `user_login_key` (2 / 4), estimated cost : 8.0000
2017-05-27 20:06:26 12652 [Note] InnoDB: Online DDL : End of  merge-sorting index `user_login_key` (2 / 4)
2017-05-27 20:06:26 12652 [Note] InnoDB: Online DDL : Start building index `user_login_key` (2 / 4), estimated cost : 12.0000
2017-05-27 20:06:26 12652 [Note] InnoDB: Online DDL : End of building index `user_login_key` (2 / 4)
2017-05-27 20:06:26 12652 [Note] InnoDB: Online DDL : Completed
2017-05-27 20:06:26 12652 [Note] InnoDB: Online DDL : Start merge-sorting index `user_nicename` (3 / 4), estimated cost : 8.0000
2017-05-27 20:06:26 12652 [Note] InnoDB: Online DDL : End of  merge-sorting index `user_nicename` (3 / 4)
2017-05-27 20:06:26 12652 [Note] InnoDB: Online DDL : Start building index `user_nicename` (3 / 4), estimated cost : 12.0000
2017-05-27 20:06:26 12652 [Note] InnoDB: Online DDL : End of building index `user_nicename` (3 / 4)
2017-05-27 20:06:26 12652 [Note] InnoDB: Online DDL : Completed
2017-05-27 20:06:26 12652 [Note] InnoDB: Online DDL : Start merge-sorting index `user_email` (4 / 4), estimated cost : 8.0000
2017-05-27 20:06:26 12652 [Note] InnoDB: Online DDL : End of  merge-sorting index `user_email` (4 / 4)
2017-05-27 20:06:26 12652 [Note] InnoDB: Online DDL : Start building index `user_email` (4 / 4), estimated cost : 12.0000
2017-05-27 20:06:26 12652 [Note] InnoDB: Online DDL : End of building index `user_email` (4 / 4)
2017-05-27 20:06:26 12652 [Note] InnoDB: Online DDL : Completed
2017-05-27 20:06:26 12652 [Note] InnoDB: Online DDL : Start
2017-05-27 20:06:26 12652 [Note] InnoDB: Online DDL : Start reading clustered index of the table and create temporary files
2017-05-27 20:06:26 12652 [Note] InnoDB: Online DDL : End of reading clustered index of the table and create temporary files
2017-05-27 20:06:26 12652 [Note] InnoDB: Online DDL : Start merge-sorting index `PRIMARY` (1 / 4), estimated cost : 8.0000
2017-05-27 20:06:26 12652 [Note] InnoDB: Online DDL : End of  merge-sorting index `PRIMARY` (1 / 4)
2017-05-27 20:06:26 12652 [Note] InnoDB: Online DDL : Start building index `PRIMARY` (1 / 4), estimated cost : 12.0000
2017-05-27 20:06:26 12652 [Note] InnoDB: Online DDL : End of building index `PRIMARY` (1 / 4)
2017-05-27 20:06:26 12652 [Note] InnoDB: Online DDL : Completed
2017-05-27 20:06:26 12652 [Note] InnoDB: Online DDL : Start merge-sorting index `user_login_key` (2 / 4), estimated cost : 8.0000
2017-05-27 20:06:26 12652 [Note] InnoDB: Online DDL : End of  merge-sorting index `user_login_key` (2 / 4)
2017-05-27 20:06:26 12652 [Note] InnoDB: Online DDL : Start building index `user_login_key` (2 / 4), estimated cost : 12.0000
2017-05-27 20:06:26 12652 [Note] InnoDB: Online DDL : End of building index `user_login_key` (2 / 4)
2017-05-27 20:06:26 12652 [Note] InnoDB: Online DDL : Completed
2017-05-27 20:06:26 12652 [Note] InnoDB: Online DDL : Start merge-sorting index `user_nicename` (3 / 4), estimated cost : 8.0000
2017-05-27 20:06:26 12652 [Note] InnoDB: Online DDL : End of  merge-sorting index `user_nicename` (3 / 4)
2017-05-27 20:06:26 12652 [Note] InnoDB: Online DDL : Start building index `user_nicename` (3 / 4), estimated cost : 12.0000
2017-05-27 20:06:26 12652 [Note] InnoDB: Online DDL : End of building index `user_nicename` (3 / 4)
2017-05-27 20:06:26 12652 [Note] InnoDB: Online DDL : Completed
2017-05-27 20:06:26 12652 [Note] InnoDB: Online DDL : Start merge-sorting index `user_email` (4 / 4), estimated cost : 8.0000
2017-05-27 20:06:26 12652 [Note] InnoDB: Online DDL : End of  merge-sorting index `user_email` (4 / 4)
2017-05-27 20:06:26 12652 [Note] InnoDB: Online DDL : Start building index `user_email` (4 / 4), estimated cost : 12.0000
2017-05-27 20:06:26 12652 [Note] InnoDB: Online DDL : End of building index `user_email` (4 / 4)
2017-05-27 20:06:26 12652 [Note] InnoDB: Online DDL : Completed
2017-05-27 20:10:12 b90 InnoDB: Warning: Using innodb_additional_mem_pool_size is DEPRECATED. This option may be removed in future releases, together with the option innodb_use_sys_malloc and with the InnoDB's internal memory allocator.
2017-05-27 20:10:12 2960 [Note] InnoDB: innodb_empty_free_list_algorithm has been changed to legacy because of small buffer pool size. In order to use backoff, increase buffer pool at least up to 20MB.

2017-05-27 20:10:12 2960 [Note] InnoDB: Using mutexes to ref count buffer pool pages
2017-05-27 20:10:12 2960 [Note] InnoDB: The InnoDB memory heap is disabled
2017-05-27 20:10:12 2960 [Note] InnoDB: Mutexes and rw_locks use Windows interlocked functions
2017-05-27 20:10:12 2960 [Note] InnoDB: _mm_lfence() and _mm_sfence() are used for memory barrier
2017-05-27 20:10:12 2960 [Note] InnoDB: Compressed tables use zlib 1.2.3
2017-05-27 20:10:12 2960 [Note] InnoDB: Using generic crc32 instructions
2017-05-27 20:10:12 2960 [Note] InnoDB: Initializing buffer pool, size = 16.0M
2017-05-27 20:10:12 2960 [Note] InnoDB: Completed initialization of buffer pool
2017-05-27 20:10:12 2960 [Note] InnoDB: Highest supported file format is Barracuda.
2017-05-27 20:10:12 2960 [Note] InnoDB: The log sequence numbers 1835037 and 1835037 in ibdata files do not match the log sequence number 4820709 in the ib_logfiles!
2017-05-27 20:10:12 2960 [Note] InnoDB: Database was not shutdown normally!
2017-05-27 20:10:12 2960 [Note] InnoDB: Starting crash recovery.
2017-05-27 20:10:12 2960 [Note] InnoDB: Reading tablespace information from the .ibd files...
2017-05-27 20:10:12 2960 [Note] InnoDB: Restoring possible half-written data pages 
2017-05-27 20:10:12 2960 [Note] InnoDB: from the doublewrite buffer...
2017-05-27 20:10:12 2960 [Note] InnoDB: 128 rollback segment(s) are active.
2017-05-27 20:10:12 2960 [Note] InnoDB: Waiting for purge to start
2017-05-27 20:10:12 2960 [Note] InnoDB:  Percona XtraDB (http://www.percona.com) 5.6.34-79.1 started; log sequence number 4820709
2017-05-27 20:10:12 12720 [Note] InnoDB: Dumping buffer pool(s) not yet started
2017-05-27 20:10:12 2960 [Note] Plugin 'FEEDBACK' is disabled.
2017-05-27 20:10:12 2960 [Note] Server socket created on IP: '::'.
2017-05-27 20:10:12 2960 [Note] c:\abcb002\mysql\bin\mysqld.exe: ready for connections.
Version: '10.1.21-MariaDB'  socket: ''  port: 3306  mariadb.org binary distribution
2017-05-27 22:42:54 5f4 InnoDB: Warning: Using innodb_additional_mem_pool_size is DEPRECATED. This option may be removed in future releases, together with the option innodb_use_sys_malloc and with the InnoDB's internal memory allocator.
2017-05-27 22:42:54 1524 [Note] InnoDB: innodb_empty_free_list_algorithm has been changed to legacy because of small buffer pool size. In order to use backoff, increase buffer pool at least up to 20MB.

2017-05-27 22:42:54 1524 [Note] InnoDB: Using mutexes to ref count buffer pool pages
2017-05-27 22:42:54 1524 [Note] InnoDB: The InnoDB memory heap is disabled
2017-05-27 22:42:54 1524 [Note] InnoDB: Mutexes and rw_locks use Windows interlocked functions
2017-05-27 22:42:54 1524 [Note] InnoDB: _mm_lfence() and _mm_sfence() are used for memory barrier
2017-05-27 22:42:54 1524 [Note] InnoDB: Compressed tables use zlib 1.2.3
2017-05-27 22:42:54 1524 [Note] InnoDB: Using generic crc32 instructions
2017-05-27 22:42:54 1524 [Note] InnoDB: Initializing buffer pool, size = 16.0M
2017-05-27 22:42:54 1524 [Note] InnoDB: Completed initialization of buffer pool
2017-05-27 22:42:54 1524 [Note] InnoDB: Highest supported file format is Barracuda.
2017-05-27 22:42:54 1524 [Note] InnoDB: The log sequence numbers 1835037 and 1835037 in ibdata files do not match the log sequence number 4959946 in the ib_logfiles!
2017-05-27 22:42:54 1524 [Note] InnoDB: Database was not shutdown normally!
2017-05-27 22:42:54 1524 [Note] InnoDB: Starting crash recovery.
2017-05-27 22:42:54 1524 [Note] InnoDB: Reading tablespace information from the .ibd files...
2017-05-27 22:42:54 1524 [Note] InnoDB: Restoring possible half-written data pages 
2017-05-27 22:42:54 1524 [Note] InnoDB: from the doublewrite buffer...
2017-05-27 22:42:54 1524 [Note] InnoDB: 128 rollback segment(s) are active.
2017-05-27 22:42:54 1524 [Note] InnoDB: Waiting for purge to start
2017-05-27 22:42:54 1524 [Note] InnoDB:  Percona XtraDB (http://www.percona.com) 5.6.34-79.1 started; log sequence number 4959946
2017-05-27 22:42:54 2764 [Note] InnoDB: Dumping buffer pool(s) not yet started
2017-05-27 22:42:54 1524 [Note] Plugin 'FEEDBACK' is disabled.
2017-05-27 22:42:54 1524 [Note] Server socket created on IP: '::'.
2017-05-27 22:42:54 1524 [Note] c:\abcb002\mysql\bin\mysqld.exe: ready for connections.
Version: '10.1.21-MariaDB'  socket: ''  port: 3306  mariadb.org binary distribution
2017-05-27 23:00:49 d2c InnoDB: Warning: Using innodb_additional_mem_pool_size is DEPRECATED. This option may be removed in future releases, together with the option innodb_use_sys_malloc and with the InnoDB's internal memory allocator.
2017-05-27 23:00:49 3372 [Note] InnoDB: innodb_empty_free_list_algorithm has been changed to legacy because of small buffer pool size. In order to use backoff, increase buffer pool at least up to 20MB.

2017-05-27 23:00:49 3372 [Note] InnoDB: Using mutexes to ref count buffer pool pages
2017-05-27 23:00:49 3372 [Note] InnoDB: The InnoDB memory heap is disabled
2017-05-27 23:00:49 3372 [Note] InnoDB: Mutexes and rw_locks use Windows interlocked functions
2017-05-27 23:00:49 3372 [Note] InnoDB: _mm_lfence() and _mm_sfence() are used for memory barrier
2017-05-27 23:00:49 3372 [Note] InnoDB: Compressed tables use zlib 1.2.3
2017-05-27 23:00:49 3372 [Note] InnoDB: Using generic crc32 instructions
2017-05-27 23:00:49 3372 [Note] InnoDB: Initializing buffer pool, size = 16.0M
2017-05-27 23:00:49 3372 [Note] InnoDB: Completed initialization of buffer pool
2017-05-27 23:00:49 3372 [Note] InnoDB: Highest supported file format is Barracuda.
2017-05-27 23:00:49 3372 [Note] InnoDB: The log sequence numbers 1835037 and 1835037 in ibdata files do not match the log sequence number 4959956 in the ib_logfiles!
2017-05-27 23:00:49 3372 [Note] InnoDB: Database was not shutdown normally!
2017-05-27 23:00:49 3372 [Note] InnoDB: Starting crash recovery.
2017-05-27 23:00:49 3372 [Note] InnoDB: Reading tablespace information from the .ibd files...
2017-05-27 23:00:49 3372 [Note] InnoDB: Restoring possible half-written data pages 
2017-05-27 23:00:49 3372 [Note] InnoDB: from the doublewrite buffer...
2017-05-27 23:00:49 3372 [Note] InnoDB: 128 rollback segment(s) are active.
2017-05-27 23:00:49 3372 [Note] InnoDB: Waiting for purge to start
2017-05-27 23:00:49 3372 [Note] InnoDB:  Percona XtraDB (http://www.percona.com) 5.6.34-79.1 started; log sequence number 4959956
2017-05-27 23:00:49 8316 [Note] InnoDB: Dumping buffer pool(s) not yet started
2017-05-27 23:00:49 3372 [Note] Plugin 'FEEDBACK' is disabled.
2017-05-27 23:00:49 3372 [Note] Server socket created on IP: '::'.
2017-05-27 23:00:50 3372 [Note] c:\abcb002\mysql\bin\mysqld.exe: ready for connections.
Version: '10.1.21-MariaDB'  socket: ''  port: 3306  mariadb.org binary distribution
2017-05-27 23:16:23 12d8 InnoDB: Warning: Using innodb_additional_mem_pool_size is DEPRECATED. This option may be removed in future releases, together with the option innodb_use_sys_malloc and with the InnoDB's internal memory allocator.
2017-05-27 23:16:23 4824 [Note] InnoDB: innodb_empty_free_list_algorithm has been changed to legacy because of small buffer pool size. In order to use backoff, increase buffer pool at least up to 20MB.

2017-05-27 23:16:23 4824 [Note] InnoDB: Using mutexes to ref count buffer pool pages
2017-05-27 23:16:23 4824 [Note] InnoDB: The InnoDB memory heap is disabled
2017-05-27 23:16:23 4824 [Note] InnoDB: Mutexes and rw_locks use Windows interlocked functions
2017-05-27 23:16:23 4824 [Note] InnoDB: _mm_lfence() and _mm_sfence() are used for memory barrier
2017-05-27 23:16:23 4824 [Note] InnoDB: Compressed tables use zlib 1.2.3
2017-05-27 23:16:23 4824 [Note] InnoDB: Using generic crc32 instructions
2017-05-27 23:16:23 4824 [Note] InnoDB: Initializing buffer pool, size = 16.0M
2017-05-27 23:16:23 4824 [Note] InnoDB: Completed initialization of buffer pool
2017-05-27 23:16:24 4824 [Note] InnoDB: Highest supported file format is Barracuda.
2017-05-27 23:16:24 4824 [Note] InnoDB: The log sequence numbers 1835037 and 1835037 in ibdata files do not match the log sequence number 4959966 in the ib_logfiles!
2017-05-27 23:16:24 4824 [Note] InnoDB: Database was not shutdown normally!
2017-05-27 23:16:24 4824 [Note] InnoDB: Starting crash recovery.
2017-05-27 23:16:24 4824 [Note] InnoDB: Reading tablespace information from the .ibd files...
2017-05-27 23:16:24 4824 [Note] InnoDB: Restoring possible half-written data pages 
2017-05-27 23:16:24 4824 [Note] InnoDB: from the doublewrite buffer...
2017-05-27 23:16:24 4824 [Note] InnoDB: 128 rollback segment(s) are active.
2017-05-27 23:16:24 4824 [Note] InnoDB: Waiting for purge to start
2017-05-27 23:16:24 4824 [Note] InnoDB:  Percona XtraDB (http://www.percona.com) 5.6.34-79.1 started; log sequence number 4959966
2017-05-27 23:16:24 11012 [Note] InnoDB: Dumping buffer pool(s) not yet started
2017-05-27 23:16:24 4824 [Note] Plugin 'FEEDBACK' is disabled.
2017-05-27 23:16:24 4824 [Note] Server socket created on IP: '::'.
2017-05-27 23:16:24 4824 [Note] c:\abcb002\mysql\bin\mysqld.exe: ready for connections.
Version: '10.1.21-MariaDB'  socket: ''  port: 3306  mariadb.org binary distribution
2017-05-27 23:33:35 2894 InnoDB: Warning: Using innodb_additional_mem_pool_size is DEPRECATED. This option may be removed in future releases, together with the option innodb_use_sys_malloc and with the InnoDB's internal memory allocator.
2017-05-27 23:33:35 10388 [Note] InnoDB: innodb_empty_free_list_algorithm has been changed to legacy because of small buffer pool size. In order to use backoff, increase buffer pool at least up to 20MB.

2017-05-27 23:33:35 10388 [Note] InnoDB: Using mutexes to ref count buffer pool pages
2017-05-27 23:33:35 10388 [Note] InnoDB: The InnoDB memory heap is disabled
2017-05-27 23:33:35 10388 [Note] InnoDB: Mutexes and rw_locks use Windows interlocked functions
2017-05-27 23:33:35 10388 [Note] InnoDB: _mm_lfence() and _mm_sfence() are used for memory barrier
2017-05-27 23:33:35 10388 [Note] InnoDB: Compressed tables use zlib 1.2.3
2017-05-27 23:33:35 10388 [Note] InnoDB: Using generic crc32 instructions
2017-05-27 23:33:35 10388 [Note] InnoDB: Initializing buffer pool, size = 16.0M
2017-05-27 23:33:35 10388 [Note] InnoDB: Completed initialization of buffer pool
2017-05-27 23:33:35 10388 [Note] InnoDB: Highest supported file format is Barracuda.
2017-05-27 23:33:35 10388 [Note] InnoDB: The log sequence numbers 1835037 and 1835037 in ibdata files do not match the log sequence number 5020616 in the ib_logfiles!
2017-05-27 23:33:35 10388 [Note] InnoDB: Database was not shutdown normally!
2017-05-27 23:33:35 10388 [Note] InnoDB: Starting crash recovery.
2017-05-27 23:33:35 10388 [Note] InnoDB: Reading tablespace information from the .ibd files...
2017-05-27 23:33:35 10388 [Note] InnoDB: Restoring possible half-written data pages 
2017-05-27 23:33:35 10388 [Note] InnoDB: from the doublewrite buffer...
2017-05-27 23:33:35 10388 [Note] InnoDB: 128 rollback segment(s) are active.
2017-05-27 23:33:35 10388 [Note] InnoDB: Waiting for purge to start
2017-05-27 23:33:35 10388 [Note] InnoDB:  Percona XtraDB (http://www.percona.com) 5.6.34-79.1 started; log sequence number 5020616
2017-05-27 23:33:35 10684 [Note] InnoDB: Dumping buffer pool(s) not yet started
2017-05-27 23:33:35 10388 [Note] Plugin 'FEEDBACK' is disabled.
2017-05-27 23:33:35 10388 [Note] Server socket created on IP: '::'.
2017-05-27 23:33:35 10388 [Note] c:\abcb002\mysql\bin\mysqld.exe: ready for connections.
Version: '10.1.21-MariaDB'  socket: ''  port: 3306  mariadb.org binary distribution
2017-05-27 23:39:38 2dd8 InnoDB: Warning: Using innodb_additional_mem_pool_size is DEPRECATED. This option may be removed in future releases, together with the option innodb_use_sys_malloc and with the InnoDB's internal memory allocator.
2017-05-27 23:39:38 11736 [Note] InnoDB: innodb_empty_free_list_algorithm has been changed to legacy because of small buffer pool size. In order to use backoff, increase buffer pool at least up to 20MB.

2017-05-27 23:39:38 11736 [Note] InnoDB: Using mutexes to ref count buffer pool pages
2017-05-27 23:39:38 11736 [Note] InnoDB: The InnoDB memory heap is disabled
2017-05-27 23:39:38 11736 [Note] InnoDB: Mutexes and rw_locks use Windows interlocked functions
2017-05-27 23:39:38 11736 [Note] InnoDB: _mm_lfence() and _mm_sfence() are used for memory barrier
2017-05-27 23:39:38 11736 [Note] InnoDB: Compressed tables use zlib 1.2.3
2017-05-27 23:39:38 11736 [Note] InnoDB: Using generic crc32 instructions
2017-05-27 23:39:38 11736 [Note] InnoDB: Initializing buffer pool, size = 16.0M
2017-05-27 23:39:38 11736 [Note] InnoDB: Completed initialization of buffer pool
2017-05-27 23:39:38 11736 [Note] InnoDB: Highest supported file format is Barracuda.
2017-05-27 23:39:38 11736 [Note] InnoDB: The log sequence numbers 1835037 and 1835037 in ibdata files do not match the log sequence number 5020626 in the ib_logfiles!
2017-05-27 23:39:38 11736 [Note] InnoDB: Database was not shutdown normally!
2017-05-27 23:39:38 11736 [Note] InnoDB: Starting crash recovery.
2017-05-27 23:39:38 11736 [Note] InnoDB: Reading tablespace information from the .ibd files...
2017-05-27 23:39:38 11736 [Note] InnoDB: Restoring possible half-written data pages 
2017-05-27 23:39:38 11736 [Note] InnoDB: from the doublewrite buffer...
2017-05-27 23:39:38 11736 [Note] InnoDB: 128 rollback segment(s) are active.
2017-05-27 23:39:38 11736 [Note] InnoDB: Waiting for purge to start
2017-05-27 23:39:38 11736 [Note] InnoDB:  Percona XtraDB (http://www.percona.com) 5.6.34-79.1 started; log sequence number 5020626
2017-05-27 23:39:38 5144 [Note] InnoDB: Dumping buffer pool(s) not yet started
2017-05-27 23:39:38 11736 [Note] Plugin 'FEEDBACK' is disabled.
2017-05-27 23:39:38 11736 [Note] Server socket created on IP: '::'.
2017-05-27 23:39:38 11736 [Note] c:\abcb002\mysql\bin\mysqld.exe: ready for connections.
Version: '10.1.21-MariaDB'  socket: ''  port: 3306  mariadb.org binary distribution
